[2025-07-10 23:01:47] [LOTTERY IMAGE LOG] [DEBUG] Provider: Nex4d, Server: server2, DB Path: 'upload/provider/provider_1233_nex4d.jpg', Physical Path Checked: '/home/buhwhbjg/public_html/upload/provider/provider_1233_nex4d.jpg', File Exists: TRUE. URL generated: 'upload/provider/provider_1233_nex4d.jpg'
[2025-07-10 23:01:47] [LOTTERY IMAGE LOG] [WARN] Provider: Qqkeno, Server: server2, DB Path: '', Physical Path Checked: '/home/buhwhbjg/public_html/', File Exists: FALSE. Menggunakan gambar default. (Gambar di DB kosong: TRUE)
[2025-07-10 23:02:10] [LOTTERY IMAGE LOG] [DEBUG] Provider: Nex4d, Server: server2, DB Path: 'upload/provider/provider_1233_nex4d.jpg', Physical Path Checked: '/home/buhwhbjg/public_html/upload/provider/provider_1233_nex4d.jpg', File Exists: TRUE. URL generated: 'upload/provider/provider_1233_nex4d.jpg'
[2025-07-10 23:02:10] [LOTTERY IMAGE LOG] [WARN] Provider: Qqkeno, Server: server2, DB Path: '', Physical Path Checked: '/home/buhwhbjg/public_html/', File Exists: FALSE. Menggunakan gambar default. (Gambar di DB kosong: TRUE)
[2025-07-10 23:33:53] [LOTTERY IMAGE LOG] [DEBUG] Provider: Nex4d, Server: server2, DB Path: 'upload/provider/provider_1233_nex4d.jpg', Physical Path Checked: '/home/buhwhbjg/public_html/upload/provider/provider_1233_nex4d.jpg', File Exists: TRUE. URL generated: 'upload/provider/provider_1233_nex4d.jpg'
[2025-07-10 23:33:53] [LOTTERY IMAGE LOG] [WARN] Provider: Qqkeno, Server: server2, DB Path: '', Physical Path Checked: '/home/buhwhbjg/public_html/', File Exists: FALSE. Menggunakan gambar default. (Gambar di DB kosong: TRUE)
[2025-07-10 23:38:40] [LOTTERY IMAGE LOG] [DEBUG] Provider: Nex4d, Server: server2, DB Path: 'upload/provider/provider_1233_nex4d.jpg', Physical Path Checked: '/home/buhwhbjg/public_html/upload/provider/provider_1233_nex4d.jpg', File Exists: TRUE. URL generated: 'upload/provider/provider_1233_nex4d.jpg'
[2025-07-10 23:38:40] [LOTTERY IMAGE LOG] [WARN] Provider: Qqkeno, Server: server2, DB Path: '', Physical Path Checked: '/home/buhwhbjg/public_html/', File Exists: FALSE. Menggunakan gambar default. (Gambar di DB kosong: TRUE)
[2025-07-10 23:54:03] [LOTTERY IMAGE LOG] [DEBUG] Provider: Nex4d, Server: server2, DB Path: 'upload/provider/provider_1233_nex4d.jpg', Physical Path Checked: '/home/buhwhbjg/public_html/upload/provider/provider_1233_nex4d.jpg', File Exists: TRUE. URL generated: 'upload/provider/provider_1233_nex4d.jpg'
[2025-07-10 23:54:03] [LOTTERY IMAGE LOG] [DEBUG] Provider: Qqkeno, Server: server2, DB Path: 'upload/provider/provider_1232_qqkeno.jpg', Physical Path Checked: '/home/buhwhbjg/public_html/upload/provider/provider_1232_qqkeno.jpg', File Exists: TRUE. URL generated: 'upload/provider/provider_1232_qqkeno.jpg'
[2025-07-10 23:54:19] [LOTTERY IMAGE LOG] [DEBUG] Provider: Nex4d, Server: server2, DB Path: 'upload/provider/provider_1233_nex4d.jpg', Physical Path Checked: '/home/buhwhbjg/public_html/upload/provider/provider_1233_nex4d.jpg', File Exists: TRUE. URL generated: 'upload/provider/provider_1233_nex4d.jpg'
[2025-07-10 23:54:19] [LOTTERY IMAGE LOG] [DEBUG] Provider: Qqkeno, Server: server2, DB Path: 'upload/provider/provider_1232_qqkeno.jpg', Physical Path Checked: '/home/buhwhbjg/public_html/upload/provider/provider_1232_qqkeno.jpg', File Exists: TRUE. URL generated: 'upload/provider/provider_1232_qqkeno.jpg'
[2025-07-10 23:57:42] [LOTTERY IMAGE LOG] [DEBUG] Provider: Nex4d, Server: server2, DB Path: 'upload/provider/provider_1233_nex4d.jpg', Physical Path Checked: '/home/buhwhbjg/public_html/upload/provider/provider_1233_nex4d.jpg', File Exists: TRUE. URL generated: 'upload/provider/provider_1233_nex4d.jpg'
[2025-07-10 23:57:42] [LOTTERY IMAGE LOG] [DEBUG] Provider: Qqkeno, Server: server2, DB Path: 'upload/provider/provider_1232_qqkeno.jpg', Physical Path Checked: '/home/buhwhbjg/public_html/upload/provider/provider_1232_qqkeno.jpg', File Exists: TRUE. URL generated: 'upload/provider/provider_1232_qqkeno.jpg'
[2025-07-10 23:59:43] [LOTTERY IMAGE LOG] [DEBUG] Provider: Nex4d, Server: server2, DB Path: 'upload/provider/provider_1233_nex4d.jpg', Physical Path Checked: '/home/buhwhbjg/public_html/upload/provider/provider_1233_nex4d.jpg', File Exists: TRUE. URL generated: 'upload/provider/provider_1233_nex4d.jpg'
[2025-07-10 23:59:43] [LOTTERY IMAGE LOG] [DEBUG] Provider: Qqkeno, Server: server2, DB Path: 'upload/provider/provider_1232_qqkeno.jpg', Physical Path Checked: '/home/buhwhbjg/public_html/upload/provider/provider_1232_qqkeno.jpg', File Exists: TRUE. URL generated: 'upload/provider/provider_1232_qqkeno.jpg'
[2025-07-11 00:05:37] [LOTTERY IMAGE LOG] [DEBUG] Provider: Nex4d, Server: server2, DB Path: 'upload/provider/provider_1233_nex4d.jpg', Physical Path Checked: '/home/buhwhbjg/public_html/upload/provider/provider_1233_nex4d.jpg', File Exists: TRUE. URL generated: 'upload/provider/provider_1233_nex4d.jpg'
[2025-07-11 00:05:37] [LOTTERY IMAGE LOG] [DEBUG] Provider: Qqkeno, Server: server2, DB Path: 'upload/provider/provider_1232_qqkeno.jpg', Physical Path Checked: '/home/buhwhbjg/public_html/upload/provider/provider_1232_qqkeno.jpg', File Exists: TRUE. URL generated: 'upload/provider/provider_1232_qqkeno.jpg'
[2025-07-11 00:09:58] [LOTTERY IMAGE LOG] [DEBUG] Provider: Nex4d, Server: server2, DB Path: 'upload/provider/provider_1233_nex4d.jpg', Physical Path Checked: '/home/buhwhbjg/public_html/upload/provider/provider_1233_nex4d.jpg', File Exists: TRUE. URL generated: 'upload/provider/provider_1233_nex4d.jpg'
[2025-07-11 00:09:58] [LOTTERY IMAGE LOG] [DEBUG] Provider: Qqkeno, Server: server2, DB Path: 'upload/provider/provider_1232_qqkeno.jpg', Physical Path Checked: '/home/buhwhbjg/public_html/upload/provider/provider_1232_qqkeno.jpg', File Exists: TRUE. URL generated: 'upload/provider/provider_1232_qqkeno.jpg'
[2025-07-11 00:12:03] [LOTTERY IMAGE LOG] [DEBUG] Provider: Nex4d, Server: server2, DB Path: 'upload/provider/provider_1233_nex4d.jpg', Physical Path Checked: '/home/buhwhbjg/public_html/upload/provider/provider_1233_nex4d.jpg', File Exists: TRUE. URL generated: 'upload/provider/provider_1233_nex4d.jpg'
[2025-07-11 00:12:03] [LOTTERY IMAGE LOG] [DEBUG] Provider: Qqkeno, Server: server2, DB Path: 'upload/provider/provider_1232_qqkeno.jpg', Physical Path Checked: '/home/buhwhbjg/public_html/upload/provider/provider_1232_qqkeno.jpg', File Exists: TRUE. URL generated: 'upload/provider/provider_1232_qqkeno.jpg'
[2025-07-11 00:43:50] [LOTTERY IMAGE LOG] [DEBUG] Provider: Nex4d, Server: server2, DB Path: 'upload/provider/provider_1233_nex4d.jpg', Physical Path Checked: '/home/buhwhbjg/public_html/upload/provider/provider_1233_nex4d.jpg', File Exists: TRUE. URL generated: 'upload/provider/provider_1233_nex4d.jpg'
[2025-07-11 00:43:50] [LOTTERY IMAGE LOG] [DEBUG] Provider: Qqkeno, Server: server2, DB Path: 'upload/provider/provider_1232_qqkeno.jpg', Physical Path Checked: '/home/buhwhbjg/public_html/upload/provider/provider_1232_qqkeno.jpg', File Exists: TRUE. URL generated: 'upload/provider/provider_1232_qqkeno.jpg'
[2025-07-11 01:31:23] [LOTTERY IMAGE LOG] [DEBUG] Provider: Nex4d, Server: server2, DB Path: 'upload/provider/provider_1233_nex4d.jpg', Physical Path Checked: '/home/buhwhbjg/public_html/upload/provider/provider_1233_nex4d.jpg', File Exists: TRUE. URL generated: 'upload/provider/provider_1233_nex4d.jpg'
[2025-07-11 01:31:23] [LOTTERY IMAGE LOG] [DEBUG] Provider: Qqkeno, Server: server2, DB Path: 'upload/provider/provider_1232_qqkeno.jpg', Physical Path Checked: '/home/buhwhbjg/public_html/upload/provider/provider_1232_qqkeno.jpg', File Exists: TRUE. URL generated: 'upload/provider/provider_1232_qqkeno.jpg'
[2025-07-11 01:31:31] [LOTTERY IMAGE LOG] [DEBUG] Provider: Nex4d, Server: server2, DB Path: 'upload/provider/provider_1233_nex4d.jpg', Physical Path Checked: '/home/buhwhbjg/public_html/upload/provider/provider_1233_nex4d.jpg', File Exists: TRUE. URL generated: 'upload/provider/provider_1233_nex4d.jpg'
[2025-07-11 01:31:31] [LOTTERY IMAGE LOG] [DEBUG] Provider: Qqkeno, Server: server2, DB Path: 'upload/provider/provider_1232_qqkeno.jpg', Physical Path Checked: '/home/buhwhbjg/public_html/upload/provider/provider_1232_qqkeno.jpg', File Exists: TRUE. URL generated: 'upload/provider/provider_1232_qqkeno.jpg'
[2025-07-11 07:43:49] [LOTTERY IMAGE LOG] [DEBUG] Provider: Nex4d, Server: server2, DB Path: 'upload/provider/provider_1233_nex4d.jpg', Physical Path Checked: '/home/buhwhbjg/public_html/upload/provider/provider_1233_nex4d.jpg', File Exists: TRUE. URL generated: 'upload/provider/provider_1233_nex4d.jpg'
[2025-07-11 07:43:49] [LOTTERY IMAGE LOG] [DEBUG] Provider: Qqkeno, Server: server2, DB Path: 'upload/provider/provider_1232_qqkeno.jpg', Physical Path Checked: '/home/buhwhbjg/public_html/upload/provider/provider_1232_qqkeno.jpg', File Exists: TRUE. URL generated: 'upload/provider/provider_1232_qqkeno.jpg'
[2025-07-11 08:03:50] [LOTTERY IMAGE LOG] [DEBUG] Provider: Nex4d, Server: server2, DB Path: 'upload/provider/provider_1233_nex4d.jpg', Physical Path Checked: '/home/buhwhbjg/public_html/upload/provider/provider_1233_nex4d.jpg', File Exists: TRUE. URL generated: 'upload/provider/provider_1233_nex4d.jpg'
[2025-07-11 08:03:50] [LOTTERY IMAGE LOG] [DEBUG] Provider: Qqkeno, Server: server2, DB Path: 'upload/provider/provider_1232_qqkeno.jpg', Physical Path Checked: '/home/buhwhbjg/public_html/upload/provider/provider_1232_qqkeno.jpg', File Exists: TRUE. URL generated: 'upload/provider/provider_1232_qqkeno.jpg'
[2025-07-11 15:49:08] [LOTTERY IMAGE LOG] [DEBUG] Provider: Nex4d, Server: server2, DB Path: 'upload/provider/provider_1233_nex4d.jpg', Physical Path Checked: '/home/buhwhbjg/public_html/upload/provider/provider_1233_nex4d.jpg', File Exists: TRUE. URL generated: 'upload/provider/provider_1233_nex4d.jpg'
[2025-07-11 15:49:08] [LOTTERY IMAGE LOG] [DEBUG] Provider: Qqkeno, Server: server2, DB Path: 'upload/provider/provider_1232_qqkeno.jpg', Physical Path Checked: '/home/buhwhbjg/public_html/upload/provider/provider_1232_qqkeno.jpg', File Exists: TRUE. URL generated: 'upload/provider/provider_1232_qqkeno.jpg'
[2025-07-11 18:41:32] [LOTTERY IMAGE LOG] [DEBUG] Provider: Nex4d, Server: server2, DB Path: 'upload/provider/provider_1233_nex4d.jpg', Physical Path Checked: '/home/buhwhbjg/public_html/upload/provider/provider_1233_nex4d.jpg', File Exists: TRUE. URL generated: 'upload/provider/provider_1233_nex4d.jpg'
[2025-07-11 18:41:32] [LOTTERY IMAGE LOG] [DEBUG] Provider: Qqkeno, Server: server2, DB Path: 'upload/provider/provider_1232_qqkeno.jpg', Physical Path Checked: '/home/buhwhbjg/public_html/upload/provider/provider_1232_qqkeno.jpg', File Exists: TRUE. URL generated: 'upload/provider/provider_1232_qqkeno.jpg'
[2025-07-11 18:46:15] [LOTTERY IMAGE LOG] [DEBUG] Provider: Nex4d, Server: server2, DB Path: 'upload/provider/provider_1233_nex4d.jpg', Physical Path Checked: '/home/buhwhbjg/public_html/upload/provider/provider_1233_nex4d.jpg', File Exists: TRUE. URL generated: 'upload/provider/provider_1233_nex4d.jpg'
[2025-07-11 18:46:15] [LOTTERY IMAGE LOG] [DEBUG] Provider: Qqkeno, Server: server2, DB Path: 'upload/provider/provider_1232_qqkeno.jpg', Physical Path Checked: '/home/buhwhbjg/public_html/upload/provider/provider_1232_qqkeno.jpg', File Exists: TRUE. URL generated: 'upload/provider/provider_1232_qqkeno.jpg'
[2025-07-11 18:46:26] [LOTTERY IMAGE LOG] [DEBUG] Provider: Nex4d, Server: server2, DB Path: 'upload/provider/provider_1233_nex4d.jpg', Physical Path Checked: '/home/buhwhbjg/public_html/upload/provider/provider_1233_nex4d.jpg', File Exists: TRUE. URL generated: 'upload/provider/provider_1233_nex4d.jpg'
[2025-07-11 18:46:26] [LOTTERY IMAGE LOG] [DEBUG] Provider: Qqkeno, Server: server2, DB Path: 'upload/provider/provider_1232_qqkeno.jpg', Physical Path Checked: '/home/buhwhbjg/public_html/upload/provider/provider_1232_qqkeno.jpg', File Exists: TRUE. URL generated: 'upload/provider/provider_1232_qqkeno.jpg'
[2025-07-11 18:47:24] [LOTTERY IMAGE LOG] [DEBUG] Provider: Nex4d, Server: server2, DB Path: 'upload/provider/provider_1233_nex4d.jpg', Physical Path Checked: '/home/buhwhbjg/public_html/upload/provider/provider_1233_nex4d.jpg', File Exists: TRUE. URL generated: 'upload/provider/provider_1233_nex4d.jpg'
[2025-07-11 18:47:24] [LOTTERY IMAGE LOG] [DEBUG] Provider: Qqkeno, Server: server2, DB Path: 'upload/provider/provider_1232_qqkeno.jpg', Physical Path Checked: '/home/buhwhbjg/public_html/upload/provider/provider_1232_qqkeno.jpg', File Exists: TRUE. URL generated: 'upload/provider/provider_1232_qqkeno.jpg'
[2025-07-11 18:52:42] [LOTTERY IMAGE LOG] [DEBUG] Provider: Nex4d, Server: server2, DB Path: 'upload/provider/provider_1233_nex4d.jpg', Physical Path Checked: '/home/buhwhbjg/public_html/upload/provider/provider_1233_nex4d.jpg', File Exists: TRUE. URL generated: 'upload/provider/provider_1233_nex4d.jpg'
[2025-07-11 18:52:42] [LOTTERY IMAGE LOG] [DEBUG] Provider: Qqkeno, Server: server2, DB Path: 'upload/provider/provider_1232_qqkeno.jpg', Physical Path Checked: '/home/buhwhbjg/public_html/upload/provider/provider_1232_qqkeno.jpg', File Exists: TRUE. URL generated: 'upload/provider/provider_1232_qqkeno.jpg'
[2025-07-11 18:55:15] [LOTTERY IMAGE LOG] [DEBUG] Provider: Nex4d, Server: server2, DB Path: 'upload/provider/provider_1233_nex4d.jpg', Physical Path Checked: '/home/buhwhbjg/public_html/upload/provider/provider_1233_nex4d.jpg', File Exists: TRUE. URL generated: 'upload/provider/provider_1233_nex4d.jpg'
[2025-07-11 18:55:15] [LOTTERY IMAGE LOG] [DEBUG] Provider: Qqkeno, Server: server2, DB Path: 'upload/provider/provider_1232_qqkeno.jpg', Physical Path Checked: '/home/buhwhbjg/public_html/upload/provider/provider_1232_qqkeno.jpg', File Exists: TRUE. URL generated: 'upload/provider/provider_1232_qqkeno.jpg'
[2025-07-11 18:56:08] [LOTTERY IMAGE LOG] [DEBUG] Provider: Nex4d, Server: server2, DB Path: 'upload/provider/provider_1233_nex4d.jpg', Physical Path Checked: '/home/buhwhbjg/public_html/upload/provider/provider_1233_nex4d.jpg', File Exists: TRUE. URL generated: 'upload/provider/provider_1233_nex4d.jpg'
[2025-07-11 18:56:08] [LOTTERY IMAGE LOG] [DEBUG] Provider: Qqkeno, Server: server2, DB Path: 'upload/provider/provider_1232_qqkeno.jpg', Physical Path Checked: '/home/buhwhbjg/public_html/upload/provider/provider_1232_qqkeno.jpg', File Exists: TRUE. URL generated: 'upload/provider/provider_1232_qqkeno.jpg'
[2025-07-11 19:03:08] [LOTTERY IMAGE LOG] [DEBUG] Provider: Nex4d, Server: server2, DB Path: 'upload/provider/provider_1233_nex4d.jpg', Physical Path Checked: '/home/buhwhbjg/public_html/upload/provider/provider_1233_nex4d.jpg', File Exists: TRUE. URL generated: 'upload/provider/provider_1233_nex4d.jpg'
[2025-07-11 19:03:08] [LOTTERY IMAGE LOG] [DEBUG] Provider: Qqkeno, Server: server2, DB Path: 'upload/provider/provider_1232_qqkeno.jpg', Physical Path Checked: '/home/buhwhbjg/public_html/upload/provider/provider_1232_qqkeno.jpg', File Exists: TRUE. URL generated: 'upload/provider/provider_1232_qqkeno.jpg'
[2025-07-12 00:23:18] [LOTTERY IMAGE LOG] [DEBUG] Provider: Nex4d, Server: server2, DB Path: 'upload/provider/provider_1233_nex4d.jpg', Physical Path Checked: '/home/buhwhbjg/public_html/upload/provider/provider_1233_nex4d.jpg', File Exists: TRUE. URL generated: 'upload/provider/provider_1233_nex4d.jpg'
[2025-07-12 00:23:18] [LOTTERY IMAGE LOG] [DEBUG] Provider: Qqkeno, Server: server2, DB Path: 'upload/provider/provider_1232_qqkeno.jpg', Physical Path Checked: '/home/buhwhbjg/public_html/upload/provider/provider_1232_qqkeno.jpg', File Exists: TRUE. URL generated: 'upload/provider/provider_1232_qqkeno.jpg'
[2025-07-12 00:23:23] [LOTTERY IMAGE LOG] [DEBUG] Provider: Nex4d, Server: server2, DB Path: 'upload/provider/provider_1233_nex4d.jpg', Physical Path Checked: '/home/buhwhbjg/public_html/upload/provider/provider_1233_nex4d.jpg', File Exists: TRUE. URL generated: 'upload/provider/provider_1233_nex4d.jpg'
[2025-07-12 00:23:23] [LOTTERY IMAGE LOG] [DEBUG] Provider: Qqkeno, Server: server2, DB Path: 'upload/provider/provider_1232_qqkeno.jpg', Physical Path Checked: '/home/buhwhbjg/public_html/upload/provider/provider_1232_qqkeno.jpg', File Exists: TRUE. URL generated: 'upload/provider/provider_1232_qqkeno.jpg'
[2025-07-12 01:13:15] [LOTTERY IMAGE LOG] [DEBUG] Provider: Nex4d, Server: server2, DB Path: 'upload/provider/provider_1233_nex4d.jpg', Physical Path Checked: '/home/buhwhbjg/public_html/upload/provider/provider_1233_nex4d.jpg', File Exists: TRUE. URL generated: 'upload/provider/provider_1233_nex4d.jpg'
[2025-07-12 01:13:15] [LOTTERY IMAGE LOG] [DEBUG] Provider: Qqkeno, Server: server2, DB Path: 'upload/provider/provider_1232_qqkeno.jpg', Physical Path Checked: '/home/buhwhbjg/public_html/upload/provider/provider_1232_qqkeno.jpg', File Exists: TRUE. URL generated: 'upload/provider/provider_1232_qqkeno.jpg'
[2025-07-12 01:13:38] [LOTTERY IMAGE LOG] [DEBUG] Provider: Nex4d, Server: server2, DB Path: 'upload/provider/provider_1233_nex4d.jpg', Physical Path Checked: '/home/buhwhbjg/public_html/upload/provider/provider_1233_nex4d.jpg', File Exists: TRUE. URL generated: 'upload/provider/provider_1233_nex4d.jpg'
[2025-07-12 01:13:38] [LOTTERY IMAGE LOG] [DEBUG] Provider: Qqkeno, Server: server2, DB Path: 'upload/provider/provider_1232_qqkeno.jpg', Physical Path Checked: '/home/buhwhbjg/public_html/upload/provider/provider_1232_qqkeno.jpg', File Exists: TRUE. URL generated: 'upload/provider/provider_1232_qqkeno.jpg'
[2025-07-12 14:23:17] [LOTTERY IMAGE LOG] [INFO] Tidak ada provider Lotto/Keno yang ditemukan dari database.
[2025-07-12 14:28:14] [LOTTERY IMAGE LOG] [INFO] Tidak ada provider Lotto/Keno yang ditemukan dari database.
[2025-07-12 15:07:47] [LOTTERY IMAGE LOG] [INFO] Tidak ada provider Lotto/Keno yang ditemukan dari database.
[2025-07-12 15:09:45] [LOTTERY IMAGE LOG] [INFO] Tidak ada provider Lotto/Keno yang ditemukan dari database.
[2025-07-12 15:13:05] [LOTTERY IMAGE LOG] [INFO] Tidak ada provider Lotto/Keno yang ditemukan dari database.
[2025-07-12 16:14:09] [LOTTERY IMAGE LOG] [INFO] Tidak ada provider Lotto/Keno yang ditemukan dari database.
[2025-07-12 16:14:58] [LOTTERY IMAGE LOG] [INFO] Tidak ada provider Lotto/Keno yang ditemukan dari database.
[2025-07-12 16:17:15] [LOTTERY IMAGE LOG] [INFO] Tidak ada provider Lotto/Keno yang ditemukan dari database.
[2025-07-12 16:55:19] [LOTTERY IMAGE LOG] [INFO] Tidak ada provider Lotto/Keno yang ditemukan dari database.
[2025-07-12 17:01:48] [LOTTERY IMAGE LOG] [INFO] Tidak ada provider Lotto/Keno yang ditemukan dari database.
[2025-07-12 17:08:49] [LOTTERY IMAGE LOG] [INFO] Tidak ada provider Lotto/Keno yang ditemukan dari database.
[2025-07-13 12:14:11] [LOTTERY IMAGE LOG] [WARN] Provider: BF Lottobiit, Server: server2, DB Path: 'https://images.unsplash.com/photo-1571019613454-1cb2f99b2d8b?w=200&h=200&fit=crop', Physical Path Checked: '/home/buhwhbjg/live2.sigmabet.pro/https://images.unsplash.com/photo-1571019613454-1cb2f99b2d8b?w=200&h=200&fit=crop', File Exists: FALSE. Menggunakan gambar default. (Gambar di DB kosong: FALSE)
[2025-07-13 12:16:56] [LOTTERY IMAGE LOG] [WARN] Provider: BF Lottobiit, Server: server2, DB Path: 'https://images.unsplash.com/photo-1571019613454-1cb2f99b2d8b?w=200&h=200&fit=crop', Physical Path Checked: '/home/buhwhbjg/live2.sigmabet.pro/https://images.unsplash.com/photo-1571019613454-1cb2f99b2d8b?w=200&h=200&fit=crop', File Exists: FALSE. Menggunakan gambar default. (Gambar di DB kosong: FALSE)
[2025-07-13 23:46:43] [LOTTERY IMAGE LOG] [WARN] Provider: BF Lottobiit, Server: server2, DB Path: 'https://images.unsplash.com/photo-1571019613454-1cb2f99b2d8b?w=200&h=200&fit=crop', Physical Path Checked: '/home/buhwhbjg/live2.sigmabet.pro/https://images.unsplash.com/photo-1571019613454-1cb2f99b2d8b?w=200&h=200&fit=crop', File Exists: FALSE. Menggunakan gambar default. (Gambar di DB kosong: FALSE)
[2025-07-13 23:47:41] [LOTTERY IMAGE LOG] [WARN] Provider: BF Lottobiit, Server: server2, DB Path: 'https://images.unsplash.com/photo-1571019613454-1cb2f99b2d8b?w=200&h=200&fit=crop', Physical Path Checked: '/home/buhwhbjg/live2.sigmabet.pro/https://images.unsplash.com/photo-1571019613454-1cb2f99b2d8b?w=200&h=200&fit=crop', File Exists: FALSE. Menggunakan gambar default. (Gambar di DB kosong: FALSE)
[2025-07-13 23:55:10] [LOTTERY IMAGE LOG] [WARN] Provider: BF Lottobiit, Server: server2, DB Path: 'https://images.unsplash.com/photo-1571019613454-1cb2f99b2d8b?w=200&h=200&fit=crop', Physical Path Checked: '/home/buhwhbjg/live2.sigmabet.pro/https://images.unsplash.com/photo-1571019613454-1cb2f99b2d8b?w=200&h=200&fit=crop', File Exists: FALSE. Menggunakan gambar default. (Gambar di DB kosong: FALSE)
[2025-07-13 23:58:14] [LOTTERY IMAGE LOG] [WARN] Provider: BF Lottobiit, Server: server2, DB Path: 'https://images.unsplash.com/photo-1571019613454-1cb2f99b2d8b?w=200&h=200&fit=crop', Physical Path Checked: '/home/buhwhbjg/live2.sigmabet.pro/https://images.unsplash.com/photo-1571019613454-1cb2f99b2d8b?w=200&h=200&fit=crop', File Exists: FALSE. Menggunakan gambar default. (Gambar di DB kosong: FALSE)
[2025-07-14 00:03:31] [LOTTERY IMAGE LOG] [WARN] Provider: BF Lottobiit, Server: server2, DB Path: 'https://images.unsplash.com/photo-1571019613454-1cb2f99b2d8b?w=200&h=200&fit=crop', Physical Path Checked: '/home/buhwhbjg/live2.sigmabet.pro/https://images.unsplash.com/photo-1571019613454-1cb2f99b2d8b?w=200&h=200&fit=crop', File Exists: FALSE. Menggunakan gambar default. (Gambar di DB kosong: FALSE)
[2025-07-14 06:39:12] [LOTTERY IMAGE LOG] [WARN] Provider: BF Lottobiit, Server: server2, DB Path: 'https://images.unsplash.com/photo-1571019613454-1cb2f99b2d8b?w=200&h=200&fit=crop', Physical Path Checked: '/home/buhwhbjg/live2.sigmabet.pro/https://images.unsplash.com/photo-1571019613454-1cb2f99b2d8b?w=200&h=200&fit=crop', File Exists: FALSE. Menggunakan gambar default. (Gambar di DB kosong: FALSE)
[2025-07-16 07:29:41] [LOTTERY IMAGE LOG] [INFO] Tidak ada provider Lotto/Keno yang ditemukan dari database.
[2025-07-16 12:26:06] [LOTTERY IMAGE LOG] [WARN] Provider: BF Lottobiit, Server: server2, DB Path: 'https://bfgaming.ltd/static/image/ng-logo.png', Physical Path Checked: '/home/buhwhbjg/live2.sigmabet.pro/https://bfgaming.ltd/static/image/ng-logo.png', File Exists: FALSE. Menggunakan gambar default. (Gambar di DB kosong: FALSE)
[2025-07-16 12:26:09] [LOTTERY IMAGE LOG] [WARN] Provider: BF Lottobiit, Server: server2, DB Path: 'https://bfgaming.ltd/static/image/ng-logo.png', Physical Path Checked: '/home/buhwhbjg/live2.sigmabet.pro/https://bfgaming.ltd/static/image/ng-logo.png', File Exists: FALSE. Menggunakan gambar default. (Gambar di DB kosong: FALSE)
[2025-07-16 12:26:15] [LOTTERY IMAGE LOG] [WARN] Provider: BF Lottobiit, Server: server2, DB Path: 'https://bfgaming.ltd/static/image/ng-logo.png', Physical Path Checked: '/home/buhwhbjg/live2.sigmabet.pro/https://bfgaming.ltd/static/image/ng-logo.png', File Exists: FALSE. Menggunakan gambar default. (Gambar di DB kosong: FALSE)
[2025-07-16 12:30:29] [LOTTERY IMAGE LOG] [WARN] Provider: BF Lottobiit, Server: server2, DB Path: 'https://bfgaming.ltd/static/image/ng-logo.png', Physical Path Checked: '/home/buhwhbjg/live2.sigmabet.pro/https://bfgaming.ltd/static/image/ng-logo.png', File Exists: FALSE. Menggunakan gambar default. (Gambar di DB kosong: FALSE)
[2025-07-16 19:21:13] [LOTTERY IMAGE LOG] [WARN] Provider: BF Lottobiit, Server: server2, DB Path: 'https://bfgaming.ltd/static/image/ng-logo.png', Physical Path Checked: '/home/buhwhbjg/live2.sigmabet.pro/https://bfgaming.ltd/static/image/ng-logo.png', File Exists: FALSE. Menggunakan gambar default. (Gambar di DB kosong: FALSE)
[2025-07-16 19:21:18] [LOTTERY IMAGE LOG] [WARN] Provider: BF Lottobiit, Server: server2, DB Path: 'https://bfgaming.ltd/static/image/ng-logo.png', Physical Path Checked: '/home/buhwhbjg/live2.sigmabet.pro/https://bfgaming.ltd/static/image/ng-logo.png', File Exists: FALSE. Menggunakan gambar default. (Gambar di DB kosong: FALSE)
[2025-07-16 21:28:57] [LOTTERY IMAGE LOG] [WARN] Provider: BF Lottobiit, Server: server2, DB Path: 'https://bfgaming.ltd/static/image/ng-logo.png', Physical Path Checked: '/home/buhwhbjg/live2.sigmabet.pro/https://bfgaming.ltd/static/image/ng-logo.png', File Exists: FALSE. Menggunakan gambar default. (Gambar di DB kosong: FALSE)
[2025-07-17 22:26:13] [LOTTERY IMAGE LOG] [INFO] Tidak ada provider Lotto/Keno yang ditemukan dari database.
[2025-07-17 22:26:50] [LOTTERY IMAGE LOG] [INFO] Tidak ada provider Lotto/Keno yang ditemukan dari database.
[2025-07-17 22:27:02] [LOTTERY IMAGE LOG] [INFO] Tidak ada provider Lotto/Keno yang ditemukan dari database.
[2025-07-17 22:48:56] [LOTTERY IMAGE LOG] [INFO] Tidak ada provider Lotto/Keno yang ditemukan dari database.
[2025-07-19 02:05:22] [LOTTERY IMAGE LOG] [WARN] Provider: BF Lottobiit, Server: server2, DB Path: 'https://bfgaming.ltd/static/image/ng-logo.png', Physical Path Checked: '/home/buhwhbjg/live2.sigmabet.pro/https://bfgaming.ltd/static/image/ng-logo.png', File Exists: FALSE. Menggunakan gambar default. (Gambar di DB kosong: FALSE)
[2025-07-20 08:33:12] [LOTTERY IMAGE LOG] [WARN] Provider: BF Lottobiit, Server: server2, DB Path: 'https://bfgaming.ltd/static/image/ng-logo.png', Physical Path Checked: '/home/buhwhbjg/live2.sigmabet.pro/https://bfgaming.ltd/static/image/ng-logo.png', File Exists: FALSE. Menggunakan gambar default. (Gambar di DB kosong: FALSE)
[2025-07-20 12:02:29] [LOTTERY IMAGE LOG] [WARN] Provider: BF Lottobiit, Server: server2, DB Path: 'https://bfgaming.ltd/static/image/ng-logo.png', Physical Path Checked: '/home/buhwhbjg/live2.sigmabet.pro/https://bfgaming.ltd/static/image/ng-logo.png', File Exists: FALSE. Menggunakan gambar default. (Gambar di DB kosong: FALSE)
[2025-07-20 12:06:22] [LOTTERY IMAGE LOG] [WARN] Provider: BF Lottobiit, Server: server2, DB Path: 'https://bfgaming.ltd/static/image/ng-logo.png', Physical Path Checked: '/home/buhwhbjg/live2.sigmabet.pro/https://bfgaming.ltd/static/image/ng-logo.png', File Exists: FALSE. Menggunakan gambar default. (Gambar di DB kosong: FALSE)
[2025-07-20 16:18:13] [LOTTERY IMAGE LOG] [WARN] Provider: BF Lottobiit, Server: server2, DB Path: 'https://bfgaming.ltd/static/image/ng-logo.png', Physical Path Checked: '/home/buhwhbjg/live2.sigmabet.pro/https://bfgaming.ltd/static/image/ng-logo.png', File Exists: FALSE. Menggunakan gambar default. (Gambar di DB kosong: FALSE)
[2025-07-20 20:55:43] [LOTTERY IMAGE LOG] [WARN] Provider: BF Lottobiit, Server: server2, DB Path: 'https://bfgaming.ltd/static/image/ng-logo.png', Physical Path Checked: '/home/buhwhbjg/live2.sigmabet.pro/https://bfgaming.ltd/static/image/ng-logo.png', File Exists: FALSE. Menggunakan gambar default. (Gambar di DB kosong: FALSE)
[2025-07-20 20:56:05] [LOTTERY IMAGE LOG] [WARN] Provider: BF Lottobiit, Server: server2, DB Path: 'https://bfgaming.ltd/static/image/ng-logo.png', Physical Path Checked: '/home/buhwhbjg/live2.sigmabet.pro/https://bfgaming.ltd/static/image/ng-logo.png', File Exists: FALSE. Menggunakan gambar default. (Gambar di DB kosong: FALSE)
[2025-07-20 20:56:08] [LOTTERY IMAGE LOG] [WARN] Provider: BF Lottobiit, Server: server2, DB Path: 'https://bfgaming.ltd/static/image/ng-logo.png', Physical Path Checked: '/home/buhwhbjg/live2.sigmabet.pro/https://bfgaming.ltd/static/image/ng-logo.png', File Exists: FALSE. Menggunakan gambar default. (Gambar di DB kosong: FALSE)
[2025-07-21 14:10:15] [LOTTERY IMAGE LOG] [WARN] Provider: BF Lottobiit, Server: server2, DB Path: 'https://bfgaming.ltd/static/image/ng-logo.png', Physical Path Checked: '/home/buhwhbjg/live2.sigmabet.pro/https://bfgaming.ltd/static/image/ng-logo.png', File Exists: FALSE. Menggunakan gambar default. (Gambar di DB kosong: FALSE)
[2025-07-25 23:34:03] [LOTTERY IMAGE LOG] [WARN] Provider: BF Lottobiit, Server: server2, DB Path: 'https://bfgaming.ltd/static/image/ng-logo.png', Physical Path Checked: '/home/buhwhbjg/live2.sigmabet.pro/https://bfgaming.ltd/static/image/ng-logo.png', File Exists: FALSE. Menggunakan gambar default. (Gambar di DB kosong: FALSE)
[2025-07-26 00:11:31] [LOTTERY IMAGE LOG] [WARN] Provider: BF Lottobiit, Server: server2, DB Path: 'https://bfgaming.ltd/static/image/ng-logo.png', Physical Path Checked: '/home/buhwhbjg/live2.sigmabet.pro/https://bfgaming.ltd/static/image/ng-logo.png', File Exists: FALSE. Menggunakan gambar default. (Gambar di DB kosong: FALSE)
[2025-07-26 00:26:14] [LOTTERY IMAGE LOG] [WARN] Provider: BF Lottobiit, Server: server2, DB Path: 'https://bfgaming.ltd/static/image/ng-logo.png', Physical Path Checked: '/home/buhwhbjg/live2.sigmabet.pro/https://bfgaming.ltd/static/image/ng-logo.png', File Exists: FALSE. Menggunakan gambar default. (Gambar di DB kosong: FALSE)
[2025-07-26 01:02:36] [LOTTERY IMAGE LOG] [WARN] Provider: BF Lottobiit, Server: server2, DB Path: 'https://bfgaming.ltd/static/image/ng-logo.png', Physical Path Checked: '/home/buhwhbjg/live2.sigmabet.pro/https://bfgaming.ltd/static/image/ng-logo.png', File Exists: FALSE. Menggunakan gambar default. (Gambar di DB kosong: FALSE)
[2025-07-26 01:13:00] [LOTTERY IMAGE LOG] [WARN] Provider: BF Lottobiit, Server: server2, DB Path: 'https://bfgaming.ltd/static/image/ng-logo.png', Physical Path Checked: '/home/buhwhbjg/live2.sigmabet.pro/https://bfgaming.ltd/static/image/ng-logo.png', File Exists: FALSE. Menggunakan gambar default. (Gambar di DB kosong: FALSE)
[2025-07-26 01:13:06] [LOTTERY IMAGE LOG] [WARN] Provider: BF Lottobiit, Server: server2, DB Path: 'https://bfgaming.ltd/static/image/ng-logo.png', Physical Path Checked: '/home/buhwhbjg/live2.sigmabet.pro/https://bfgaming.ltd/static/image/ng-logo.png', File Exists: FALSE. Menggunakan gambar default. (Gambar di DB kosong: FALSE)
[2025-07-26 01:15:32] [LOTTERY IMAGE LOG] [WARN] Provider: BF Lottobiit, Server: server2, DB Path: 'https://bfgaming.ltd/static/image/ng-logo.png', Physical Path Checked: '/home/buhwhbjg/live2.sigmabet.pro/https://bfgaming.ltd/static/image/ng-logo.png', File Exists: FALSE. Menggunakan gambar default. (Gambar di DB kosong: FALSE)
[2025-07-26 03:31:27] [LOTTERY IMAGE LOG] [WARN] Provider: BF Lottobiit, Server: server2, DB Path: 'https://bfgaming.ltd/static/image/ng-logo.png', Physical Path Checked: '/home/buhwhbjg/live2.sigmabet.pro/https://bfgaming.ltd/static/image/ng-logo.png', File Exists: FALSE. Menggunakan gambar default. (Gambar di DB kosong: FALSE)
[2025-07-26 04:01:01] [LOTTERY IMAGE LOG] [WARN] Provider: BF Lottobiit, Server: server2, DB Path: 'https://bfgaming.ltd/static/image/ng-logo.png', Physical Path Checked: '/home/buhwhbjg/live2.sigmabet.pro/https://bfgaming.ltd/static/image/ng-logo.png', File Exists: FALSE. Menggunakan gambar default. (Gambar di DB kosong: FALSE)
