[2025-09-04 13:43:03] =================================================
[2025-09-04 13:43:03] Memulai eksekusi cron job untuk cek pemain aktif.
[2025-09-04 13:43:03] Jumlah kombinasi pemain-game dari cache: 0
[2025-09-04 13:43:03] Jumlah pemain atau pemain yang pindah game: 0.
[2025-09-04 13:43:03] Tidak ada pemain baru atau yang pindah game. Tidak ada notifikasi yang dikirim.
[2025-09-04 13:43:03] Data pemain saat ini disimpan ke cache untuk perbandingan berikutnya.
[2025-09-04 13:43:03] Eksekusi cron job selesai.
[2025-09-04 13:43:03] =================================================

[2025-09-04 13:44:03] =================================================
[2025-09-04 13:44:03] Memulai eksekusi cron job untuk cek pemain aktif.
[2025-09-04 13:44:03] Jumlah kombinasi pemain-game dari cache: 0
[2025-09-04 13:44:03] Jumlah pemain atau pemain yang pindah game: 0.
[2025-09-04 13:44:03] Tidak ada pemain baru atau yang pindah game. Tidak ada notifikasi yang dikirim.
[2025-09-04 13:44:03] Data pemain saat ini disimpan ke cache untuk perbandingan berikutnya.
[2025-09-04 13:44:03] Eksekusi cron job selesai.
[2025-09-04 13:44:03] =================================================

[2025-09-04 13:45:04] =================================================
[2025-09-04 13:45:04] Memulai eksekusi cron job untuk cek pemain aktif.
[2025-09-04 13:45:04] Jumlah kombinasi pemain-game dari cache: 0
[2025-09-04 13:45:06] Jumlah pemain atau pemain yang pindah game: 0.
[2025-09-04 13:45:06] Tidak ada pemain baru atau yang pindah game. Tidak ada notifikasi yang dikirim.
[2025-09-04 13:45:06] Data pemain saat ini disimpan ke cache untuk perbandingan berikutnya.
[2025-09-04 13:45:06] Eksekusi cron job selesai.
[2025-09-04 13:45:06] =================================================

[2025-09-04 13:46:02] =================================================
[2025-09-04 13:46:02] Memulai eksekusi cron job untuk cek pemain aktif.
[2025-09-04 13:46:02] Jumlah kombinasi pemain-game dari cache: 0
[2025-09-04 13:46:02] Jumlah pemain atau pemain yang pindah game: 0.
[2025-09-04 13:46:02] Tidak ada pemain baru atau yang pindah game. Tidak ada notifikasi yang dikirim.
[2025-09-04 13:46:02] Data pemain saat ini disimpan ke cache untuk perbandingan berikutnya.
[2025-09-04 13:46:02] Eksekusi cron job selesai.
[2025-09-04 13:46:02] =================================================

[2025-09-04 13:47:02] =================================================
[2025-09-04 13:47:02] Memulai eksekusi cron job untuk cek pemain aktif.
[2025-09-04 13:47:02] Jumlah kombinasi pemain-game dari cache: 0
[2025-09-04 13:47:02] Jumlah pemain atau pemain yang pindah game: 1.
[2025-09-04 13:47:02] Mendeteksi pemain baru atau pindah game. Mengirim notifikasi Telegram...
[2025-09-04 13:47:04] Notifikasi 1 pemain berhasil dikirim.
[2025-09-04 13:47:04] Data pemain saat ini disimpan ke cache untuk perbandingan berikutnya.
[2025-09-04 13:47:04] Eksekusi cron job selesai.
[2025-09-04 13:47:04] =================================================

[2025-09-04 13:48:03] =================================================
[2025-09-04 13:48:03] Memulai eksekusi cron job untuk cek pemain aktif.
[2025-09-04 13:48:03] Jumlah kombinasi pemain-game dari cache: 1
[2025-09-04 13:48:04] Jumlah pemain atau pemain yang pindah game: 0.
[2025-09-04 13:48:04] Tidak ada pemain baru atau yang pindah game. Tidak ada notifikasi yang dikirim.
[2025-09-04 13:48:04] Data pemain saat ini disimpan ke cache untuk perbandingan berikutnya.
[2025-09-04 13:48:04] Eksekusi cron job selesai.
[2025-09-04 13:48:04] =================================================

[2025-09-04 13:49:02] =================================================
[2025-09-04 13:49:02] Memulai eksekusi cron job untuk cek pemain aktif.
[2025-09-04 13:49:02] Jumlah kombinasi pemain-game dari cache: 1
[2025-09-04 13:49:03] Jumlah pemain atau pemain yang pindah game: 1.
[2025-09-04 13:49:03] Mendeteksi pemain baru atau pindah game. Mengirim notifikasi Telegram...
[2025-09-04 13:49:04] Notifikasi 1 pemain berhasil dikirim.
[2025-09-04 13:49:04] Data pemain saat ini disimpan ke cache untuk perbandingan berikutnya.
[2025-09-04 13:49:04] Eksekusi cron job selesai.
[2025-09-04 13:49:04] =================================================

[2025-09-04 13:50:03] =================================================
[2025-09-04 13:50:03] Memulai eksekusi cron job untuk cek pemain aktif.
[2025-09-04 13:50:03] Jumlah kombinasi pemain-game dari cache: 1
[2025-09-04 13:50:05] Jumlah pemain atau pemain yang pindah game: 0.
[2025-09-04 13:50:05] Tidak ada pemain baru atau yang pindah game. Tidak ada notifikasi yang dikirim.
[2025-09-04 13:50:05] Data pemain saat ini disimpan ke cache untuk perbandingan berikutnya.
[2025-09-04 13:50:05] Eksekusi cron job selesai.
[2025-09-04 13:50:05] =================================================

[2025-09-04 13:51:03] =================================================
[2025-09-04 13:51:03] Memulai eksekusi cron job untuk cek pemain aktif.
[2025-09-04 13:51:03] Jumlah kombinasi pemain-game dari cache: 0
[2025-09-04 13:51:03] Jumlah pemain atau pemain yang pindah game: 0.
[2025-09-04 13:51:03] Tidak ada pemain baru atau yang pindah game. Tidak ada notifikasi yang dikirim.
[2025-09-04 13:51:03] Data pemain saat ini disimpan ke cache untuk perbandingan berikutnya.
[2025-09-04 13:51:03] Eksekusi cron job selesai.
[2025-09-04 13:51:03] =================================================

