[2025-08-14 21:22:07] Pendaftaran user Uhuy12...
[2025-08-14 21:22:08] Exa: berhasil
[2025-08-14 21:22:08] Nexus: gagal (Duplicated User)
[2025-08-14 21:22:08] Keterangan: Pendaftaran gagal (API Nexus): Duplicated User
[2025-08-14 21:27:33] Pendaftaran user Uhuy12...
[2025-08-14 21:27:34] Exa: berhasil
[2025-08-14 21:27:34] Nexus: gagal (Duplicated User)
[2025-08-14 21:27:34] Keterangan: Pendaftaran gagal (API Nexus): Duplicated User
[2025-08-14 21:31:12] Pendaftaran user Uhuy22...
[2025-08-14 21:31:13] Exa: berhasil
[2025-08-14 21:31:13] Nexus: berhasil
[2025-08-14 21:31:13] Keterangan: tidak ada error
[2025-08-15 00:19:29] Pendaftaran user Uhuy23...
[2025-08-15 00:19:30] Exa: berhasil
[2025-08-15 00:19:30] Nexus: berhasil
[2025-08-15 00:19:30] Keterangan: tidak ada error
[2025-08-15 00:49:31] Pendaftaran user sakti77...
[2025-08-15 00:49:32] Exa: berhasil
[2025-08-15 00:49:32] Nexus: berhasil
[2025-08-15 00:49:32] Keterangan: tidak ada error
[2025-08-15 01:02:39] Pendaftaran user demotheo...
[2025-08-15 01:02:40] Exa: berhasil
[2025-08-15 01:02:40] Nexus: berhasil
[2025-08-15 01:02:40] Keterangan: tidak ada error
[2025-08-17 14:12:18] Pendaftaran user keminfo2020...
[2025-08-17 14:12:20] Exa: berhasil
[2025-08-17 14:12:20] Nexus: berhasil
[2025-08-17 14:12:20] Keterangan: tidak ada error
[2025-08-18 09:17:18] Pendaftaran user Tester11...
[2025-08-18 09:17:19] Exa: berhasil
[2025-08-18 09:17:19] Nexus: berhasil
[2025-08-18 09:17:19] Keterangan: tidak ada error
[2025-08-18 22:14:25] Pendaftaran user Ril111234...
[2025-08-18 22:14:26] Exa: berhasil
[2025-08-18 22:14:26] Nexus: berhasil
[2025-08-18 22:14:26] Keterangan: tidak ada error
[2025-08-19 16:55:50] Pendaftaran user Halodek...
[2025-08-19 16:55:52] Exa: berhasil
[2025-08-19 16:55:52] Nexus: berhasil
[2025-08-19 16:55:52] Keterangan: tidak ada error
[2025-08-20 13:14:22] Pendaftaran user Saupani...
[2025-08-20 13:14:23] Exa: berhasil
[2025-08-20 13:14:24] Nexus: berhasil
[2025-08-20 13:14:24] Keterangan: tidak ada error
[2025-08-22 02:27:57] Pendaftaran user oeasy00...
[2025-08-22 02:27:59] Exa: berhasil
[2025-08-22 02:27:59] Nexus: berhasil
[2025-08-22 02:27:59] Keterangan: tidak ada error
[2025-08-22 11:48:39] Pendaftaran user kuntul...
[2025-08-22 11:48:41] Exa: berhasil
[2025-08-22 11:48:41] Nexus: berhasil
[2025-08-22 11:48:41] Keterangan: tidak ada error
[2025-08-26 05:50:39] Pendaftaran user developer...
[2025-08-26 05:50:40] Exa: berhasil
[2025-08-26 05:50:40] Nexus: berhasil
[2025-08-26 05:50:40] Keterangan: tidak ada error
[2025-08-27 14:33:09] Pendaftaran user Kontoloskov...
[2025-08-27 14:33:11] Exa: berhasil
[2025-08-27 14:33:11] Nexus: berhasil
[2025-08-27 14:33:11] Keterangan: tidak ada error
[2025-08-27 21:31:58] Pendaftaran user developer...
[2025-08-27 21:32:00] Exa: berhasil
[2025-08-27 21:32:00] Nexus: berhasil
[2025-08-27 21:32:00] Keterangan: tidak ada error
[2025-08-27 23:28:24] Pendaftaran user demotheo...
[2025-08-27 23:28:25] Exa: berhasil
[2025-08-27 23:28:26] Nexus: berhasil
[2025-08-27 23:28:26] Keterangan: tidak ada error
[2025-08-28 08:51:09] Pendaftaran user nyobaa...
[2025-08-28 08:51:11] Exa: berhasil
[2025-08-28 08:51:11] Nexus: berhasil
[2025-08-28 08:51:11] Keterangan: tidak ada error
[2025-09-01 15:01:56] Pendaftaran user demouser...
[2025-09-01 15:01:56] Exa: berhasil
[2025-09-01 15:01:57] Nexus: berhasil
[2025-09-01 15:01:57] Keterangan: tidak ada error
[2025-09-02 19:11:03] Pendaftaran user kanina...
[2025-09-02 19:11:06] Exa: berhasil
[2025-09-02 19:11:06] Nexus: berhasil
[2025-09-02 19:11:06] Keterangan: tidak ada error
[2025-09-02 23:27:37] Pendaftaran user Dewa78...
[2025-09-02 23:27:39] Exa: berhasil
[2025-09-02 23:27:39] Nexus: berhasil
[2025-09-02 23:27:39] Keterangan: tidak ada error
[2025-09-04 03:12:36] Pendaftaran user kantester...
[2025-09-04 03:12:38] Exa: berhasil
[2025-09-04 03:12:38] Nexus: berhasil
[2025-09-04 03:12:38] Keterangan: tidak ada error
[2025-09-05 05:23:34] Pendaftaran user demo123...
[2025-09-05 05:23:36] Exa: berhasil
[2025-09-05 05:23:36] Nexus: berhasil
[2025-09-05 05:23:36] Keterangan: tidak ada error
[2025-09-06 01:57:42] Pendaftaran user test02...
[2025-09-06 01:57:44] Exa: berhasil
[2025-09-06 01:57:44] Nexus: berhasil
[2025-09-06 01:57:44] Keterangan: tidak ada error
[2025-09-06 10:28:10] Pendaftaran user sfasf242...
[2025-09-06 10:28:11] Exa: berhasil
[2025-09-06 10:28:11] Nexus: berhasil
[2025-09-06 10:28:11] Keterangan: tidak ada error
[2025-09-06 10:49:42] Pendaftaran user sfasf242...
[2025-09-06 10:49:42] Exa: berhasil
[2025-09-06 10:49:42] Nexus: gagal (Duplicated User)
[2025-09-06 10:49:42] Keterangan: Pendaftaran gagal (API Nexus): Duplicated User
[2025-09-06 10:56:17] Pendaftaran user Kiw12345...
[2025-09-06 10:56:17] Exa: berhasil
[2025-09-06 10:56:17] Nexus: berhasil
[2025-09-06 10:56:17] Keterangan: tidak ada error
[2025-09-06 11:12:45] Pendaftaran user sagsag42sd...
[2025-09-06 11:12:46] Exa: gagal (Invalid credentials)
[2025-09-06 11:12:46] Nexus: berhasil
[2025-09-06 11:12:46] Keterangan: Pendaftaran gagal (API Exa): Invalid credentials
[2025-09-06 18:51:19] Pendaftaran user Developer...
[2025-09-06 18:51:20] Exa: berhasil
[2025-09-06 18:51:20] Nexus: berhasil
[2025-09-06 18:51:20] Keterangan: tidak ada error
[2025-09-06 18:53:04] Pendaftaran user mjosmjo67...
[2025-09-06 18:53:04] Exa: berhasil
[2025-09-06 18:53:05] Nexus: berhasil
[2025-09-06 18:53:05] Keterangan: tidak ada error
[2025-09-07 13:32:17] Pendaftaran user Jpjp88...
[2025-09-07 13:32:18] Exa: berhasil
[2025-09-07 13:32:18] Nexus: berhasil
[2025-09-07 13:32:18] Keterangan: tidak ada error
[2025-09-07 14:02:02] Pendaftaran user waktu23...
[2025-09-07 14:02:03] Exa: berhasil
[2025-09-07 14:02:03] Nexus: berhasil
[2025-09-07 14:02:03] Keterangan: tidak ada error
[2025-09-09 11:59:37] Pendaftaran user cekstatus...
[2025-09-09 11:59:38] Exa: berhasil
[2025-09-09 11:59:38] Nexus: berhasil
[2025-09-09 11:59:38] Keterangan: tidak ada error
[2025-10-01 15:18:33] Pendaftaran user testmaja...
[2025-10-01 15:18:34] Exa: gagal (Unknown error from Exa.)
[2025-10-01 15:18:34] Nexus: berhasil
[2025-10-01 15:18:34] Keterangan: Pendaftaran gagal (API Exa): Unknown error from Exa.
[2025-10-01 15:26:56] Pendaftaran user testqris...
[2025-10-01 15:26:57] Exa: gagal (Unknown error from Exa.)
[2025-10-01 15:26:57] Nexus: berhasil
[2025-10-01 15:26:57] Keterangan: Pendaftaran gagal (API Exa): Unknown error from Exa.
[2025-10-01 16:11:47] Pendaftaran user testlagi...
[2025-10-01 16:11:47] Exa: gagal (Unknown error from Exa.)
[2025-10-01 16:11:48] Nexus: berhasil
[2025-10-01 16:11:48] Keterangan: Pendaftaran gagal (API Exa): Unknown error from Exa.
[2025-10-03 13:41:49] Pendaftaran user pelerfaking...
[2025-10-03 13:41:49] Exa: gagal (Unknown error from Exa.)
[2025-10-03 13:41:49] Nexus: berhasil
[2025-10-03 13:41:49] Keterangan: Pendaftaran gagal (API Exa): Unknown error from Exa.
[2025-11-01 18:14:58] Pendaftaran user kentutbau77...
[2025-11-01 18:14:58] Exa: gagal (Unknown error from Exa.)
[2025-11-01 18:14:58] Nexus: gagal (Invalid Agent.)
[2025-11-01 18:14:58] Keterangan: Pendaftaran gagal (API Exa): Unknown error from Exa.; Pendaftaran gagal (API Nexus): Invalid Agent.
[2025-11-02 22:58:12] Pendaftaran user jemnut2292...
[2025-11-02 22:58:12] Exa: gagal (Unknown error from Exa.)
[2025-11-02 22:58:13] Nexus: gagal (Invalid Agent.)
[2025-11-02 22:58:13] Keterangan: Pendaftaran gagal (API Exa): Unknown error from Exa.; Pendaftaran gagal (API Nexus): Invalid Agent.
[2025-11-03 08:46:58] Pendaftaran user cekajacoba...
[2025-11-03 08:46:58] Exa: gagal (Unknown error from Exa.)
[2025-11-03 08:46:58] Nexus: berhasil
[2025-11-03 08:46:58] Keterangan: Pendaftaran gagal (API Exa): Unknown error from Exa.
[2025-11-03 09:25:18] Pendaftaran user cobaexa...
[2025-11-03 09:25:19] Exa: berhasil
[2025-11-03 09:25:19] Nexus: berhasil
[2025-11-03 09:25:19] Keterangan: tidak ada error
[2025-11-03 10:59:51] Pendaftaran user testing...
[2025-11-03 10:59:51] Exa: berhasil
[2025-11-03 10:59:51] Nexus: berhasil
[2025-11-03 10:59:51] Keterangan: tidak ada error
[2025-11-20 08:50:13] Pendaftaran user cekcikcok...
[2025-11-20 08:50:14] Exa: gagal (Account is not active)
[2025-11-20 08:50:14] Nexus: gagal (Invalid Agent.)
[2025-11-20 08:50:14] Keterangan: Pendaftaran gagal (API Exa): Account is not active; Pendaftaran gagal (API Nexus): Invalid Agent.
