[2025-07-31 07:51:45] Admin xdywQyKJR5dp9zFERDqy memulai proses 'Tambah Semua Bonus Mingguan' via Pretty URL.
[2025-07-31 07:51:45] SUKSES: Bonus mingguan 1500 untuk demodoang (Minggu 31-2025) ditambahkan ke bonus_balance dan claim_bonus.
[2025-07-31 07:51:45] SUKSES: Bonus mingguan 1590 untuk demodoang (Minggu 30-2025) ditambahkan ke bonus_balance dan claim_bonus.
[2025-07-31 07:51:45] SUKSES: Bonus mingguan 300 untuk demodoang1 (Minggu 30-2025) ditambahkan ke bonus_balance dan claim_bonus.
[2025-07-31 07:51:45] Proses 'Tambah Semua Bonus Mingguan' selesai. Total anggota dicek: 7. Penambahan bonus berhasil: 3 entri. Tidak ada potensi bonus: 25 kasus. 
[2025-08-06 03:31:24] Admin y49qmfODoCsCASHoMUsa memulai proses 'Tambah Semua Bonus Mingguan' via Pretty URL.
[2025-08-06 03:31:24] Proses 'Tambah Semua Bonus Mingguan' selesai. Total anggota dicek: 0. Penambahan bonus berhasil: 0 entri. 
[2025-08-06 03:45:11] Admin y49qmfODoCsCASHoMUsa memulai proses 'Tambah Semua Bonus Mingguan' via Pretty URL.
[2025-08-06 03:45:11] Proses 'Tambah Semua Bonus Mingguan' selesai. Total anggota dicek: 0. Penambahan bonus berhasil: 0 entri. 
[2025-08-06 03:52:54] Admin n5TCrwQ3PSuqrZ5r40vP memulai proses 'Tambah Semua Bonus Mingguan' via Pretty URL.
[2025-08-06 03:52:54] SUKSES: Bonus mingguan 30 untuk demouser (Minggu 32-2025) ditambahkan ke bonus_balance dan claim_bonus.
[2025-08-06 03:52:54] SUKSES: Bonus mingguan 300 untuk ref1demouser (Minggu 32-2025) ditambahkan ke bonus_balance dan claim_bonus.
[2025-08-06 03:52:54] Proses 'Tambah Semua Bonus Mingguan' selesai. Total anggota dicek: 2. Penambahan bonus berhasil: 2 entri. Tidak ada potensi bonus: 6 kasus. 
[2025-08-06 03:54:36] Admin n5TCrwQ3PSuqrZ5r40vP memulai proses 'Tambah Semua Bonus Mingguan' via Pretty URL.
[2025-08-06 03:54:36] INFO: Bonus untuk demouser (Minggu 32-2025) sudah ditambahkan.
[2025-08-06 03:54:36] INFO: Bonus untuk ref1demouser (Minggu 32-2025) sudah ditambahkan.
[2025-08-06 03:54:36] Proses 'Tambah Semua Bonus Mingguan' selesai. Total anggota dicek: 2. Penambahan bonus berhasil: 0 entri. Sudah pernah ditambahkan: 2 entri. Tidak ada potensi bonus: 6 kasus. 
[2025-08-06 03:59:32] Admin n5TCrwQ3PSuqrZ5r40vP memulai proses 'Tambah Semua Bonus Mingguan' via Pretty URL dengan bonus 3%.
[2025-08-06 03:59:32] INFO: Bonus untuk demouser (Minggu 32-2025) sudah ditambahkan.
[2025-08-06 03:59:32] INFO: Bonus untuk ref1demouser (Minggu 32-2025) sudah ditambahkan.
[2025-08-06 03:59:32] Proses 'Tambah Semua Bonus Mingguan' selesai. Total anggota dicek: 2. Penambahan bonus berhasil: 0 entri. Sudah pernah ditambahkan: 2 entri. Tidak ada potensi bonus: 6 kasus. 
[2025-08-06 04:01:18] Admin n5TCrwQ3PSuqrZ5r40vP memulai proses 'Tambah Semua Bonus Mingguan' via Pretty URL dengan bonus 3%.
[2025-08-06 04:01:18] INFO: Bonus untuk demouser (Minggu 32-2025) sudah ditambahkan.
[2025-08-06 04:01:18] INFO: Bonus untuk ref1demouser (Minggu 32-2025) sudah ditambahkan.
[2025-08-06 04:01:18] Proses 'Tambah Semua Bonus Mingguan' selesai. Total anggota dicek: 2. Penambahan bonus berhasil: 0 entri. Sudah pernah ditambahkan: 2 entri. Tidak ada potensi bonus: 6 kasus. 
[2025-08-06 04:01:48] Admin n5TCrwQ3PSuqrZ5r40vP memulai proses 'Tambah Semua Bonus Mingguan' via Pretty URL dengan bonus 3%.
[2025-08-06 04:01:48] INFO: Bonus untuk demouser (Minggu 32-2025) sudah ditambahkan.
[2025-08-06 04:01:48] INFO: Bonus untuk ref1demouser (Minggu 32-2025) sudah ditambahkan.
[2025-08-06 04:01:48] Proses 'Tambah Semua Bonus Mingguan' selesai. Total anggota dicek: 2. Penambahan bonus berhasil: 0 entri. Sudah pernah ditambahkan: 2 entri. Tidak ada potensi bonus: 6 kasus. 
[2025-08-06 04:07:28] Admin n5TCrwQ3PSuqrZ5r40vP memulai proses 'Tambah Semua Bonus Mingguan' via Pretty URL dengan bonus 3%.
[2025-08-06 04:07:28] INFO: Bonus untuk demouser (Minggu 32-2025) sudah ditambahkan.
[2025-08-06 04:07:28] INFO: Bonus untuk ref1demouser (Minggu 32-2025) sudah ditambahkan.
[2025-08-06 04:07:28] Proses 'Tambah Semua Bonus Mingguan' selesai. Total anggota dicek: 2. Penambahan bonus berhasil: 0 entri. Sudah pernah ditambahkan: 2 entri. Tidak ada potensi bonus: 6 kasus. 
[2025-08-06 04:09:29] Admin n5TCrwQ3PSuqrZ5r40vP memulai proses 'Tambah Semua Bonus Mingguan' via Pretty URL dengan bonus 3%.
[2025-08-06 04:09:29] INFO: Bonus untuk demouser (Minggu 32-2025) sudah ditambahkan.
[2025-08-06 04:09:29] INFO: Bonus untuk ref1demouser (Minggu 32-2025) sudah ditambahkan.
[2025-08-06 04:09:29] Proses 'Tambah Semua Bonus Mingguan' selesai. Total anggota dicek: 2. Penambahan bonus berhasil: 0 entri. Sudah pernah ditambahkan: 2 entri. Tidak ada potensi bonus: 6 kasus. 
[2025-08-06 04:09:52] Admin n5TCrwQ3PSuqrZ5r40vP memulai proses 'Tambah Semua Bonus Mingguan' via Pretty URL dengan bonus 3%.
[2025-08-06 04:09:52] INFO: Bonus untuk demouser (Minggu 32-2025) sudah ditambahkan.
[2025-08-06 04:09:52] INFO: Bonus untuk ref1demouser (Minggu 32-2025) sudah ditambahkan.
[2025-08-06 04:09:52] Proses 'Tambah Semua Bonus Mingguan' selesai. Total anggota dicek: 2. Penambahan bonus berhasil: 0 entri. Sudah pernah ditambahkan: 2 entri. Tidak ada potensi bonus: 6 kasus. 
[2025-08-06 04:11:44] Admin n5TCrwQ3PSuqrZ5r40vP memulai proses 'Tambah Semua Bonus Mingguan' via Pretty URL dengan bonus 3%.
[2025-08-06 04:11:44] INFO: Bonus untuk demouser (Minggu 32-2025) sudah ditambahkan.
[2025-08-06 04:11:44] INFO: Bonus untuk ref1demouser (Minggu 32-2025) sudah ditambahkan.
[2025-08-06 04:11:44] Proses 'Tambah Semua Bonus Mingguan' selesai. Total anggota dicek: 2. Penambahan bonus berhasil: 0 entri. Sudah pernah ditambahkan: 2 entri. Tidak ada potensi bonus: 6 kasus. 
[2025-08-06 04:11:53] Admin n5TCrwQ3PSuqrZ5r40vP memulai proses 'Tambah Semua Bonus Mingguan' via Pretty URL dengan bonus 3%.
[2025-08-06 04:11:53] INFO: Bonus untuk demouser (Minggu 32-2025) sudah ditambahkan.
[2025-08-06 04:11:53] INFO: Bonus untuk ref1demouser (Minggu 32-2025) sudah ditambahkan.
[2025-08-06 04:11:53] Proses 'Tambah Semua Bonus Mingguan' selesai. Total anggota dicek: 2. Penambahan bonus berhasil: 0 entri. Sudah pernah ditambahkan: 2 entri. Tidak ada potensi bonus: 6 kasus. 
[2025-08-06 04:16:10] Admin n5TCrwQ3PSuqrZ5r40vP memulai proses 'Tambah Semua Bonus Mingguan' via Pretty URL dengan bonus 3%.
[2025-08-06 04:16:10] INFO: Bonus untuk demouser (Minggu 32-2025) sudah ditambahkan.
[2025-08-06 04:16:10] INFO: Bonus untuk ref1demouser (Minggu 32-2025) sudah ditambahkan.
[2025-08-06 04:16:10] Proses 'Tambah Semua Bonus Mingguan' selesai. Total anggota dicek: 2. Penambahan bonus berhasil: 0 entri. Sudah pernah ditambahkan: 2 entri. Tidak ada potensi bonus: 6 kasus. 
[2025-08-06 04:17:00] Admin n5TCrwQ3PSuqrZ5r40vP memulai proses 'Tambah Semua Bonus Mingguan' via Pretty URL dengan bonus 3%.
[2025-08-06 04:17:00] INFO: Bonus untuk demouser (Minggu 32-2025) sudah ditambahkan.
[2025-08-06 04:17:00] INFO: Bonus untuk ref1demouser (Minggu 32-2025) sudah ditambahkan.
[2025-08-06 04:17:00] Proses 'Tambah Semua Bonus Mingguan' selesai. Total anggota dicek: 2. Penambahan bonus berhasil: 0 entri. Sudah pernah ditambahkan: 2 entri. Tidak ada potensi bonus: 6 kasus. 
[2025-09-07 10:59:31] Admin nzcZA4Sj8CW051AArf2Y memulai proses 'Tambah Semua Bonus Mingguan' via Pretty URL dengan bonus 3%.
[2025-09-07 10:59:31] Proses 'Tambah Semua Bonus Mingguan' selesai. Total anggota dicek: 0. Penambahan bonus berhasil: 0 entri. 
