[2025-07-13 17:53:27] Attempting to generate QRIS data string for user: Kucing, amount: 2000
[2025-07-13 17:53:28] QRIS API Data Response for user Kucing (HTTP 200): {"status":true,"data":"00020101021226610016ID.MOTIONPAY.WWW01189360081632452107160208000207530303UMI51440014ID.CO.QRIS.WWW0215ID20243335813020303UMI52045816530336054072000.005802ID5922WULAN ZENITH GAME SHOP6009SAMARINDA61057511462690618Additonalinfolabel071602N0c598546ce70e602320250713105328484158490630461E2","trx_id":"02N0c598546ce70e","expired_at":1200}
[2025-07-13 17:53:28] Data transaksi QRIS 'diproses' disimpan ke DB. ID Deposit: 699, TRX ID OtomatisVIP: 02N0c598546ce70e
[2025-07-13 17:53:29] Notifikasi Telegram berhasil dikirim untuk deposit ID: 699
[2025-07-13 17:59:06] Attempting to generate QRIS data string for user: melangkah, amount: 2000
[2025-07-13 17:59:07] QRIS API Data Response for user melangkah (HTTP 200): {"status":true,"data":"00020101021226610016ID.MOTIONPAY.WWW01189360081632453607160208000207230303UMI51440014ID.CO.QRIS.WWW0215ID20243335811530303UMI52045816530336054072000.005802ID5916EKA CONSOLE CAVE6008KUNINGAN61054558362690618Additonalinfolabel071602N357130b548f3c602320250713105907475930181630459D6","trx_id":"02N357130b548f3c","expired_at":1200}
[2025-07-13 17:59:07] Data transaksi QRIS 'diproses' disimpan ke DB. ID Deposit: 700, TRX ID OtomatisVIP: 02N357130b548f3c
[2025-07-13 17:59:08] Notifikasi Telegram berhasil dikirim untuk deposit ID: 700
[2025-07-20 17:21:31] Attempting to generate QRIS data string for user: kucing, amount: 2000
[2025-07-20 17:21:32] QRIS API Data Response for user kucing (HTTP 200): {"status":true,"data":"00020101021226610016ID.MOTIONPAY.WWW01189360081632425005310208000143670303UMI51440014ID.CO.QRIS.WWW0215ID20243262978900303UMI52045999530336054072000.005802ID5921BEDES ULTIMATE GAMERS6009Tangerang61051551062690618Additonalinfolabel071602N0ae23b6bdfae76023202507201021320024145006304E97A","trx_id":"02N0ae23b6bdfae7","expired_at":1200}
[2025-07-20 17:21:32] Data transaksi QRIS 'diproses' disimpan ke DB. ID Deposit: 1, TRX ID OtomatisVIP: 02N0ae23b6bdfae7
[2025-07-20 17:21:33] Notifikasi Telegram berhasil dikirim untuk deposit ID: 1
[2025-07-26 01:11:43] Attempting to generate QRIS data string for user: demodoang, amount: 2000
[2025-07-26 01:11:44] QRIS API Data Response for user demodoang (HTTP 200): {"status":true,"data":"00020101021226610016ID.MOTIONPAY.WWW01189360081632411706260208000181250303UMI51440014ID.CO.QRIS.WWW0215ID20243304120630303UMI52045999530336054072000.005802ID5916IMAM RETRO HAVEN6008SURABAYA61056018862690618Additonalinfolabel071602Nd2234e4d8b85c6023202507251811439381604596304E13E","trx_id":"02Nd2234e4d8b85c","expired_at":1200}
[2025-07-26 01:11:44] Data transaksi QRIS 'diproses' disimpan ke DB. ID Deposit: 2, TRX ID OtomatisVIP: 02Nd2234e4d8b85c
[2025-07-26 01:11:45] Notifikasi Telegram berhasil dikirim untuk deposit ID: 2
[2025-07-26 05:35:58] Attempting to generate QRIS data string for user: demodoang, amount: 2000
[2025-07-26 05:35:59] QRIS API Data Response for user demodoang (HTTP 200): {"status":true,"data":"00020101021226610016ID.MOTIONPAY.WWW01189360081632428807300208000249690303UMI51440014ID.CO.QRIS.WWW0215ID20243359102360303UMI52045816530336054072000.005802ID5917SARI HIGHLAND HUB6006SERANG61054219562690618Additonalinfolabel071602Na9b4546fb7be060232025072522355913654200363048107","trx_id":"02Na9b4546fb7be0","expired_at":1200}
[2025-07-26 05:35:59] Data transaksi QRIS 'diproses' disimpan ke DB. ID Deposit: 4, TRX ID OtomatisVIP: 02Na9b4546fb7be0
[2025-07-26 05:36:00] Notifikasi Telegram berhasil dikirim untuk deposit ID: 4
[2025-07-26 05:45:11] Attempting to generate QRIS data string for user: demodoang, amount: 2000
[2025-07-26 05:45:11] QRIS API Data Response for user demodoang (HTTP 200): {"status":true,"data":"00020101021226610016ID.MOTIONPAY.WWW01189360081632423707120208000203350303UMI51440014ID.CO.QRIS.WWW0215ID20243333909440303UMI52045816530336054072000.005802ID5917DEVI TURBO ARCADE6006KENDAL61055136362690618Additonalinfolabel071602Ne2c6e305d2e6160232025072522451192011168763042BA0","trx_id":"02Ne2c6e305d2e61","expired_at":1200}
[2025-07-26 05:45:12] Data transaksi QRIS 'diproses' disimpan ke DB. ID Deposit: 5, TRX ID OtomatisVIP: 02Ne2c6e305d2e61
[2025-07-26 05:45:12] Notifikasi Telegram berhasil dikirim untuk deposit ID: 5
[2025-07-26 12:16:16] Attempting to generate QRIS data string for user: demodoang1, amount: 2000
[2025-07-26 12:16:17] QRIS API Data Response for user demodoang1 (HTTP 200): {"status":true,"data":"00020101021226610016ID.MOTIONPAY.WWW01189360081632457007220208000222290303UMI51440014ID.CO.QRIS.WWW0215ID20243347454350303UMI52045816530336054072000.005802ID5923LUTFIATUN STELLAR REALM6009SAMARINDA61057511962690618Additonalinfolabel071602Na65d4062ca75960232025072605161741992871463046787","trx_id":"02Na65d4062ca759","expired_at":1200}
[2025-07-26 12:16:17] Data transaksi QRIS 'diproses' disimpan ke DB. ID Deposit: 8, TRX ID OtomatisVIP: 02Na65d4062ca759
[2025-07-26 12:16:18] Notifikasi Telegram berhasil dikirim untuk deposit ID: 8
[2025-07-26 12:17:39] Attempting to generate QRIS data string for user: demodoang1, amount: 2000
[2025-07-26 12:17:39] QRIS API Data Response for user demodoang1 (HTTP 200): {"status":true,"data":"00020101021226610016ID.MOTIONPAY.WWW01189360081632536603030208000378920303UMI51440014ID.CO.QRIS.WWW0215ID20253834355620303UMI52045816530336054072000.005802ID5918MELANI CITRA ABADI6005BATAM61052946562690618Additonalinfolabel071602N49a46b58751f16023202507260517397557628976304F7BA","trx_id":"02N49a46b58751f1","expired_at":1200}
[2025-07-26 12:17:39] Data transaksi QRIS 'diproses' disimpan ke DB. ID Deposit: 9, TRX ID OtomatisVIP: 02N49a46b58751f1
[2025-07-26 12:17:40] Notifikasi Telegram berhasil dikirim untuk deposit ID: 9
[2025-07-26 12:24:04] Attempting to generate QRIS data string for user: demodoang1, amount: 2000
[2025-07-26 12:24:05] QRIS API Data Response for user demodoang1 (HTTP 200): {"status":true,"data":"00020101021226610016ID.MOTIONPAY.WWW01189360081632441408080208000277110303UMI51440014ID.CO.QRIS.WWW0215ID20243373637720303UMI52045816530336054072000.005802ID5916AGUS PLAY ARCADE6006CIMAHI61054051162690618Additonalinfolabel071602N679dbe303fef6602320250726052404934647820630436B2","trx_id":"02N679dbe303fef6","expired_at":1200}
[2025-07-26 12:24:05] Data transaksi QRIS 'diproses' disimpan ke DB. ID Deposit: 10, TRX ID OtomatisVIP: 02N679dbe303fef6
[2025-07-26 12:24:05] Notifikasi Telegram berhasil dikirim untuk deposit ID: 10
[2025-07-26 12:24:52] Attempting to generate QRIS data string for user: demodoang1, amount: 2000
[2025-07-26 12:24:53] QRIS API Data Response for user demodoang1 (HTTP 200): {"status":true,"data":"00020101021226610016ID.MOTIONPAY.WWW01189360081632433308090208000295450303UMI51440014ID.CO.QRIS.WWW0215ID20243379286570303UMI52045816530336054072000.005802ID5917AYU GENESIS GAMES6007CIREBON61054515162690618Additonalinfolabel071602Nab98f3270dae460232025072605245343749915763043E41","trx_id":"02Nab98f3270dae4","expired_at":1200}
[2025-07-26 12:24:53] Data transaksi QRIS 'diproses' disimpan ke DB. ID Deposit: 11, TRX ID OtomatisVIP: 02Nab98f3270dae4
[2025-07-26 12:24:54] Notifikasi Telegram berhasil dikirim untuk deposit ID: 11
[2025-07-27 19:40:21] Attempting to generate QRIS data string for user: Septi123, amount: 200000
[2025-07-27 19:40:22] QRIS API Data Response for user Septi123 (HTTP 200): {"status":true,"data":"00020101021226610016ID.MOTIONPAY.WWW01189360081632447707160208000208350303UBE51440014ID.CO.QRIS.WWW0215ID20243335817160303UBE5204581653033605409200000.005802ID5915MALFAH GAME BOT6008KARAWANG61054135462690618Additonalinfolabel071602Ne0e191fd3548e6023202507271240219183465806304C557","trx_id":"02Ne0e191fd3548e","expired_at":1200}
[2025-07-27 19:40:22] Data transaksi QRIS 'diproses' disimpan ke DB. ID Deposit: 13, TRX ID OtomatisVIP: 02Ne0e191fd3548e
[2025-07-27 19:40:22] Notifikasi Telegram berhasil dikirim untuk deposit ID: 13
[2025-07-27 19:41:50] Attempting to generate QRIS data string for user: Septi123, amount: 50000
[2025-07-27 19:41:50] QRIS API Data Response for user Septi123 (HTTP 200): {"status":true,"data":"00020101021226610016ID.MOTIONPAY.WWW01189360081632416508070208000282810303UMI51440014ID.CO.QRIS.WWW0215ID20243373666270303UMI520458165303360540850000.005802ID5918ASEP ELYSIUM GAMES6007CIREBON61054517162690618Additonalinfolabel071602N3a46509b36358602320250727124150784334723630409F0","trx_id":"02N3a46509b36358","expired_at":1200}
[2025-07-27 19:41:51] Data transaksi QRIS 'diproses' disimpan ke DB. ID Deposit: 14, TRX ID OtomatisVIP: 02N3a46509b36358
[2025-07-27 19:41:52] Notifikasi Telegram berhasil dikirim untuk deposit ID: 14
[2025-08-04 10:35:50] Attempting to generate QRIS data string for user: demodoang, amount: 2000
[2025-08-04 10:35:51] QRIS API Data Response for user demodoang (HTTP 200): {"status":true,"data":"00020101021226610016ID.MOTIONPAY.WWW01189360081632412306280208000183290303UMI51440014ID.CO.QRIS.WWW0215ID20243307657750303UMI52045816530336054072000.005802ID5917SITI FUSION FORCE6005BOGOR61051613362690618Additonalinfolabel071602N8df7518e14d1360232025080403355164227575663042D61","trx_id":"02N8df7518e14d13","expired_at":1200}
[2025-08-04 10:35:51] Data transaksi QRIS 'diproses' disimpan ke DB. ID Deposit: 18, TRX ID OtomatisVIP: 02N8df7518e14d13
[2025-08-04 10:35:52] Notifikasi Telegram berhasil dikirim untuk deposit ID: 18
[2025-08-04 11:47:37] Attempting to generate QRIS data string for user: keminfo2020, amount: 20000
[2025-08-04 11:47:38] QRIS API Data Response for user keminfo2020 (HTTP 200): {"status":true,"data":"00020101021226610016ID.MOTIONPAY.WWW01189360081632523703030208000384020303UMI51440014ID.CO.QRIS.WWW0215ID20253837240640303UMI520458165303360540820000.005802ID5920SAIFULLAH LEAF BLOOM6010ACEH UTARA61052437362690618Additonalinfolabel071602N81a7a8d73d6af6023202508040447379708202916304BBDC","trx_id":"02N81a7a8d73d6af","expired_at":1200}
[2025-08-04 11:47:38] Data transaksi QRIS 'diproses' disimpan ke DB. ID Deposit: 19, TRX ID OtomatisVIP: 02N81a7a8d73d6af
[2025-08-04 11:47:39] Notifikasi Telegram berhasil dikirim untuk deposit ID: 19
[2025-08-05 13:55:50] Attempting to generate QRIS data string for user: demodoang, amount: 20000
[2025-08-05 13:55:51] QRIS API Data Response for user demodoang (HTTP 200): {"status":true,"data":"00020101021226610016ID.MOTIONPAY.WWW01189360081632432408120208000299210303UMI51440014ID.CO.QRIS.WWW0215ID20243381435870303UMI520458165303360540820000.005802ID5914NI APEX ARCADE6010KARANGASEM61058086462690618Additonalinfolabel071602N131d20d3ce0b9602320250805065551146444385630474E6","trx_id":"02N131d20d3ce0b9","expired_at":1200}
[2025-08-05 13:55:51] Data transaksi QRIS 'diproses' disimpan ke DB. ID Deposit: 21, TRX ID OtomatisVIP: 02N131d20d3ce0b9
[2025-08-05 13:55:52] Notifikasi Telegram berhasil dikirim untuk deposit ID: 21
[2025-08-06 03:50:53] Attempting to generate QRIS data string for user: ref1demouser, amount: 10000
[2025-08-06 03:50:54] QRIS API Data Response for user ref1demouser (HTTP 200): {"status":true,"data":"00020101021226610016ID.MOTIONPAY.WWW01189360081632542203030208000376100303UMI51440014ID.CO.QRIS.WWW0215ID20253834341510303UMI520458165303360540810000.005802ID5915DWI BEETLE CLAW6009PONTIANAK61057824262690618Additonalinfolabel071602N48a3c2b01910860232025080520505430538917463048615","trx_id":"02N48a3c2b019108","expired_at":1200}
[2025-08-06 03:50:54] Data transaksi QRIS 'diproses' disimpan ke DB. ID Deposit: 2, TRX ID OtomatisVIP: 02N48a3c2b019108
[2025-08-06 03:50:55] Notifikasi Telegram berhasil dikirim untuk deposit ID: 2
[2025-08-07 03:29:49] Attempting to generate QRIS data string for user: demouser1, amount: 2000
[2025-08-07 03:29:50] QRIS API Data Response for user demouser1 (HTTP 200): {"status":true,"data":"00020101021226610016ID.MOTIONPAY.WWW01189360081632425306280208000182350303UMI51440014ID.CO.QRIS.WWW0215ID20243307653040303UMI52045816530336054072000.005802ID5920YOGA SPECTRUM ARCADE6005BOGOR61051664062690618Additonalinfolabel071602Ndeccaa5d4f37e6023202508062029502962417626304E61B","trx_id":"02Ndeccaa5d4f37e","expired_at":1200}
[2025-08-07 03:29:50] Data transaksi QRIS 'diproses' disimpan ke DB. ID Deposit: 6, TRX ID OtomatisVIP: 02Ndeccaa5d4f37e
[2025-08-07 03:29:50] Exception generating QRIS image for demouser1, TRX ID: 02Ndeccaa5d4f37e: sendNewDepositNotificationToTelegram(): Argument #2 ($exaApiResponse) must be of type array, string given, called in /home/pxevcpmz/live.zhero.site/qris_generate.php on line 162. Data String (awal): 00020101021226610016ID.MOTIONPAY.WWW01189360081632425306280208000182350303UMI51440014ID.CO.QRIS.WWW0...
[2025-08-07 03:33:06] Attempting to generate QRIS data string for user: demouser1, amount: 2000
[2025-08-07 03:33:07] QRIS API Data Response for user demouser1 (HTTP 200): {"status":true,"data":"00020101021226610016ID.MOTIONPAY.WWW01189360081632427507310208000255430303UMI51440014ID.CO.QRIS.WWW0215ID20243362166170303UMI52045816530336054072000.005802ID5920WILDAN THUNDERSTRIKE6008MAGELANG61055619562690618Additonalinfolabel071602N0d2325b611e1a60232025080620330736986668663047A24","trx_id":"02N0d2325b611e1a","expired_at":1200}
[2025-08-07 03:33:07] Data transaksi QRIS 'diproses' disimpan ke DB. ID Deposit: 7, TRX ID OtomatisVIP: 02N0d2325b611e1a
[2025-08-07 03:33:08] Notifikasi Telegram berhasil dikirim untuk deposit ID: 7
[2025-08-07 03:42:37] Attempting to generate QRIS data string for user: demouser1, amount: 2000
[2025-08-07 03:42:38] QRIS API Data Response for user demouser1 (HTTP 200): {"status":true,"data":"00020101021226610016ID.MOTIONPAY.WWW01189360081632529503200208000393160303UMI51440014ID.CO.QRIS.WWW0215ID20253887959940303UMI52045812530336054072000.005802ID5915LILI KOPI BLISS6007BANDUNG61054023962690618Additonalinfolabel071602N7c7c924efed6060232025080620423856266505063041A8D","trx_id":"02N7c7c924efed60","expired_at":1200}
[2025-08-07 03:42:38] Data transaksi QRIS 'diproses' disimpan ke DB. ID Deposit: 8, TRX ID OtomatisVIP: 02N7c7c924efed60
[2025-08-07 03:42:48] Peringatan: Gagal mengirim notifikasi Telegram untuk deposit ID: 8
[2025-08-09 19:25:37] Attempting to generate QRIS data string for user: demouser, amount: 25000
[2025-08-09 19:25:37] QRIS API Data Response for user demouser (HTTP 200): {"status":true,"data":"00020101021226610016ID.MOTIONPAY.WWW01189360081632416407310208000257290303UMI51440014ID.CO.QRIS.WWW0215ID20243362175400303UMI520458165303360540825000.005802ID5915SULA GAME GURUS6009PALEMBANG61053016462690618Additonalinfolabel071602Na09baba37fff86023202508091225376694773246304608E","trx_id":"02Na09baba37fff8","expired_at":1200}
[2025-08-09 19:25:37] Data transaksi QRIS 'diproses' disimpan ke DB. ID Deposit: 10, TRX ID OtomatisVIP: 02Na09baba37fff8
[2025-08-09 19:25:38] Notifikasi Telegram berhasil dikirim untuk deposit ID: 10
[2025-08-10 15:09:14] Attempting to generate QRIS data string for user: demouser, amount: 2000
[2025-08-10 15:09:15] QRIS API Data Response for user demouser (HTTP 200): {"status":true,"data":"00020101021226610016ID.MOTIONPAY.WWW01189360081632457108020208000259650303UMI51440014ID.CO.QRIS.WWW0215ID20243366727850303UMI52045816530336054072000.005802ID5913NANI GAME LAB6005GARUT61054418162690618Additonalinfolabel071602N190c8bc79c66f6023202508100809150344495046304887D","trx_id":"02N190c8bc79c66f","expired_at":1200}
[2025-08-10 15:09:15] Data transaksi QRIS 'diproses' disimpan ke DB. ID Deposit: 12, TRX ID OtomatisVIP: 02N190c8bc79c66f
[2025-08-10 15:09:16] Notifikasi Telegram berhasil dikirim untuk deposit ID: 12
[2025-08-10 15:17:40] Attempting to generate QRIS data string for user: demouser, amount: 2000
[2025-08-10 15:17:41] QRIS API Data Response for user demouser (HTTP 200): {"status":true,"data":"00020101021226610016ID.MOTIONPAY.WWW01189360081632415807150208000196570303UMI51440014ID.CO.QRIS.WWW0215ID20243333875510303UMI52045816530336054072000.005802ID5918HARI GAMEPLAZA PRO6009PONTIANAK61057811762690618Additonalinfolabel071602Nbddf3c4ae163d60232025081008174139799292963042D47","trx_id":"02Nbddf3c4ae163d","expired_at":1200}
[2025-08-10 15:17:41] Data transaksi QRIS 'diproses' disimpan ke DB. ID Deposit: 13, TRX ID OtomatisVIP: 02Nbddf3c4ae163d
[2025-08-10 15:17:42] Notifikasi Telegram berhasil dikirim untuk deposit ID: 13
[2025-08-15 00:39:57] Attempting to generate QRIS data string for user: Uhuy23, amount: 2000
[2025-08-15 00:39:58] QRIS API Data Response for user Uhuy23 (HTTP 200): {"status":true,"data":"00020101021226610016ID.MOTIONPAY.WWW01189360081632476006220208000171490303UMI51440014ID.CO.QRIS.WWW0215ID20243298364130303UMI52045999530336054072000.005802ID5915FARID GAME SHOP6006BEKASI61051742362690618Additonalinfolabel071602N18cc0b0a80d556023202508141739585774020546304A267","trx_id":"02N18cc0b0a80d55","expired_at":1200}
[2025-08-15 00:39:58] Data transaksi QRIS 'diproses' disimpan ke DB. ID Deposit: 14, TRX ID OtomatisVIP: 02N18cc0b0a80d55
[2025-08-15 00:39:59] Notifikasi Telegram berhasil dikirim untuk deposit ID: 14
[2025-08-15 01:20:03] Attempting to generate QRIS data string for user: sakti77, amount: 25000
[2025-08-15 01:20:04] QRIS API Data Response for user sakti77 (HTTP 200): {"status":true,"data":"00020101021226610016ID.MOTIONPAY.WWW01189360081632480608080208000286370303UMI51440014ID.CO.QRIS.WWW0215ID20243376065840303UMI520458165303360540825000.005802ID5919SALMA STELLAR WORLD6008SUMEDANG61054536162690618Additonalinfolabel071602N85207e55c61b060232025081418200417484636463043505","trx_id":"02N85207e55c61b0","expired_at":1200}
[2025-08-15 01:20:04] Data transaksi QRIS 'diproses' disimpan ke DB. ID Deposit: 15, TRX ID OtomatisVIP: 02N85207e55c61b0
[2025-08-15 01:20:05] Notifikasi Telegram berhasil dikirim untuk deposit ID: 15
[2025-08-15 10:02:27] Attempting to generate QRIS data string for user: demotheo, amount: 25000
[2025-08-15 10:02:28] QRIS API Data Response for user demotheo (HTTP 200): {"status":true,"data":"00020101021226610016ID.MOTIONPAY.WWW01189360081632416208120208000295970303UMI51440014ID.CO.QRIS.WWW0215ID20243379289130303UMI520458165303360540825000.005802ID5922NOVRIYANTI NEXUS QUEST6009GORONTALO61059621362690618Additonalinfolabel071602N56fbba1d781c36023202508150302282383841246304A728","trx_id":"02N56fbba1d781c3","expired_at":1200}
[2025-08-15 10:02:28] Data transaksi QRIS 'diproses' disimpan ke DB. ID Deposit: 16, TRX ID OtomatisVIP: 02N56fbba1d781c3
[2025-08-15 10:02:29] Notifikasi Telegram berhasil dikirim untuk deposit ID: 16
[2025-08-17 14:14:22] Attempting to generate QRIS data string for user: keminfo2020, amount: 25000
[2025-08-17 14:14:23] QRIS API Data Response for user keminfo2020 (HTTP 200): {"status":true,"data":"00020101021226610016ID.MOTIONPAY.WWW01189360081632489308080208000285710303UMI51440014ID.CO.QRIS.WWW0215ID20243376062530303UMI520458165303360540825000.005802ID5921EDWAN PRIME PLAYHOUSE6005DEPOK61051651762690618Additonalinfolabel071602Nabc45c9c0890560232025081707142323836698663040EF4","trx_id":"02Nabc45c9c08905","expired_at":1200}
[2025-08-17 14:14:23] Data transaksi QRIS 'diproses' disimpan ke DB. ID Deposit: 20, TRX ID OtomatisVIP: 02Nabc45c9c08905
[2025-08-17 14:14:24] Notifikasi Telegram berhasil dikirim untuk deposit ID: 20
[2025-08-17 21:01:17] Attempting to generate QRIS data string for user: uhuy23, amount: 2000
[2025-08-17 21:01:18] QRIS API Data Response for user uhuy23 (HTTP 200): {"status":true,"data":"00020101021226610016ID.MOTIONPAY.WWW01189360081632445607300208000247230303UMI51440014ID.CO.QRIS.WWW0215ID20243359090060303UMI52045816530336054072000.005802ID5912RIMA FUN NET6015PENAJAM PASER U61057614462690618Additonalinfolabel071602Na3c439d5d8bd46023202508171401181108127356304E0AE","trx_id":"02Na3c439d5d8bd4","expired_at":1200}
[2025-08-17 21:01:18] Data transaksi QRIS 'diproses' disimpan ke DB. ID Deposit: 21, TRX ID OtomatisVIP: 02Na3c439d5d8bd4
[2025-08-17 21:01:19] Notifikasi Telegram berhasil dikirim untuk deposit ID: 21
[2025-08-17 21:04:03] Attempting to generate QRIS data string for user: uhuy23, amount: 2000
[2025-08-17 21:04:04] QRIS API Data Response for user uhuy23 (HTTP 200): {"status":true,"data":"00020101021226610016ID.MOTIONPAY.WWW01189360081632435506280208000186150303UMI51440014ID.CO.QRIS.WWW0215ID20243308014890303UMI52045816530336054072000.005802ID5916IRFAN GAME ARENA6006BANTUL61055576262690618Additonalinfolabel071602Ne2037f79f6f6760232025081714040442112924063046232","trx_id":"02Ne2037f79f6f67","expired_at":1200}
[2025-08-17 21:04:04] Data transaksi QRIS 'diproses' disimpan ke DB. ID Deposit: 22, TRX ID OtomatisVIP: 02Ne2037f79f6f67
[2025-08-17 21:04:05] Notifikasi Telegram berhasil dikirim untuk deposit ID: 22
[2025-08-17 21:18:54] Attempting to generate QRIS data string for user: uhuy23, amount: 2000
[2025-08-17 21:18:54] QRIS API Data Response for user uhuy23 (HTTP 200): {"status":true,"data":"00020101021226610016ID.MOTIONPAY.WWW01189360081632439607230208000225410303UMI51440014ID.CO.QRIS.WWW0215ID20243347425720303UMI52045816530336054072000.005802ID5922LARA GAMER'S SANCTUARY6008SURABAYA61056025262690618Additonalinfolabel071602N9c956df764da8602320250817141854631748099630452ED","trx_id":"02N9c956df764da8","expired_at":1200}
[2025-08-17 21:18:54] Data transaksi QRIS 'diproses' disimpan ke DB. ID Deposit: 23, TRX ID OtomatisVIP: 02N9c956df764da8
[2025-08-17 21:18:55] Notifikasi Telegram berhasil dikirim untuk deposit ID: 23
[2025-08-17 21:19:51] Attempting to generate QRIS data string for user: uhuy23, amount: 2000
[2025-08-17 21:19:51] QRIS API Data Response for user uhuy23 (HTTP 200): {"status":true,"data":"00020101021226610016ID.MOTIONPAY.WWW01189360081632413907220208000216390303UMI51440014ID.CO.QRIS.WWW0215ID20243344924260303UMI52045816530336054072000.005802ID5914MUNIR GAME LAB6011TULUNGAGUNG61056629262690618Additonalinfolabel071602N58d42a397774260232025081714195191944458863045A1D","trx_id":"02N58d42a3977742","expired_at":1200}
[2025-08-17 21:19:52] Data transaksi QRIS 'diproses' disimpan ke DB. ID Deposit: 24, TRX ID OtomatisVIP: 02N58d42a3977742
[2025-08-17 21:19:53] Notifikasi Telegram berhasil dikirim untuk deposit ID: 24
[2025-08-17 21:25:54] Attempting to generate QRIS data string for user: uhuy23, amount: 2000
[2025-08-17 21:25:55] QRIS API Data Response for user uhuy23 (HTTP 200): {"status":true,"data":"00020101021226610016ID.MOTIONPAY.WWW01189360081634141908080208000289170303UMI51440014ID.CO.QRIS.WWW0215ID20243376079880303UMI52045816530336054072000.005802ID5919TITA HORIZON ARCADE6007BANDUNG61054028462690618Additonalinfolabel071602N1f55a9db564b86023202508171425554952450346304FE87","trx_id":"02N1f55a9db564b8","expired_at":1200}
[2025-08-17 21:25:55] Data transaksi QRIS 'diproses' disimpan ke DB. ID Deposit: 25, TRX ID OtomatisVIP: 02N1f55a9db564b8
[2025-08-17 21:25:56] Notifikasi Telegram berhasil dikirim untuk deposit ID: 25
[2025-08-17 21:40:21] Attempting to generate QRIS data string for user: uhuy23, amount: 2000
[2025-08-17 21:40:21] QRIS API Data Response for user uhuy23 (HTTP 200): {"status":true,"data":"00020101021226610016ID.MOTIONPAY.WWW01189360081632414106280208000183450303UMI51440014ID.CO.QRIS.WWW0215ID20243307658580303UMI52045816530336054072000.005802ID5919JULIANA PIXEL REALM6013JAKARTA UTARA61051442062690618Additonalinfolabel071602Nbe92317e62ddc60232025081714402174380839763049C29","trx_id":"02Nbe92317e62ddc","expired_at":1200}
[2025-08-17 21:40:21] Data transaksi QRIS 'diproses' disimpan ke DB. ID Deposit: 26, TRX ID OtomatisVIP: 02Nbe92317e62ddc
[2025-08-17 21:40:22] Notifikasi Telegram berhasil dikirim untuk deposit ID: 26
[2025-08-17 22:01:05] Attempting to generate QRIS data string for user: uhuy23, amount: 2000
[2025-08-17 22:01:06] QRIS API Data Response for user uhuy23 (HTTP 200): {"status":true,"data":"00020101021226610016ID.MOTIONPAY.WWW01189360081632450007230208000223730303UMI51440014ID.CO.QRIS.WWW0215ID20243347461510303UMI52045816530336054072000.005802ID5916LUHUT GAME SAVVY6013BANDUNG BARAT61054056362690618Additonalinfolabel071602N6c3caeb9a240860232025081715010625166555863049AD9","trx_id":"02N6c3caeb9a2408","expired_at":1200}
[2025-08-17 22:01:06] Data transaksi QRIS 'diproses' disimpan ke DB. ID Deposit: 27, TRX ID OtomatisVIP: 02N6c3caeb9a2408
[2025-08-17 22:01:07] Notifikasi Telegram berhasil dikirim untuk deposit ID: 27
[2025-08-17 22:06:00] Attempting to generate QRIS data string for user: uhuy23, amount: 2000
[2025-08-17 22:06:01] QRIS API Data Response for user uhuy23 (HTTP 200): {"status":true,"data":"00020101021226610016ID.MOTIONPAY.WWW01189360081632415807020208000186910303UMI51440014ID.CO.QRIS.WWW0215ID20243312030240303UMI52045816530336054072000.005802ID5922RAHMAT VINTAGE ODYSSEY6011KUTAI TIMUR61057565662690618Additonalinfolabel071602N21dc0553f494d60232025081715060130969786063046EE3","trx_id":"02N21dc0553f494d","expired_at":1200}
[2025-08-17 22:06:01] Data transaksi QRIS 'diproses' disimpan ke DB. ID Deposit: 28, TRX ID OtomatisVIP: 02N21dc0553f494d
[2025-08-17 22:06:02] Notifikasi Telegram berhasil dikirim untuk deposit ID: 28
[2025-08-17 22:07:44] Attempting to generate QRIS data string for user: uhuy23, amount: 2000
[2025-08-17 22:07:45] QRIS API Data Response for user uhuy23 (HTTP 200): {"status":true,"data":"00020101021226610016ID.MOTIONPAY.WWW01189360081632451807230208000226150303UMI51440014ID.CO.QRIS.WWW0215ID20243348166320303UMI52045816530336054072000.005802ID5915AYU PIXEL OASIS6009SAMARINDA61057512462690618Additonalinfolabel071602N14b1adc94506e6023202508171507454599105986304BA68","trx_id":"02N14b1adc94506e","expired_at":1200}
[2025-08-17 22:07:45] Data transaksi QRIS 'diproses' disimpan ke DB. ID Deposit: 29, TRX ID OtomatisVIP: 02N14b1adc94506e
[2025-08-17 22:07:46] Notifikasi Telegram berhasil dikirim untuk deposit ID: 29
[2025-08-17 22:13:40] Attempting to generate QRIS data string for user: uhuy23, amount: 25000
[2025-08-17 22:13:41] QRIS API Data Response for user uhuy23 (HTTP 200): {"status":true,"data":"00020101021226610016ID.MOTIONPAY.WWW01189360081634114506210208000168750303UMI51440014ID.CO.QRIS.WWW0215ID20243298350430303UMI520459995303360540825000.005802ID5915YUDI HYPER GAME6006JEMBER61056816262690618Additonalinfolabel071602N45afc9e50193360232025081715134128252952863042CBF","trx_id":"02N45afc9e501933","expired_at":1200}
[2025-08-17 22:13:41] Data transaksi QRIS 'diproses' disimpan ke DB. ID Deposit: 30, TRX ID OtomatisVIP: 02N45afc9e501933
[2025-08-17 22:13:42] Notifikasi Telegram berhasil dikirim untuk deposit ID: 30
[2025-08-17 22:20:47] Attempting to generate QRIS data string for user: demotheo, amount: 25000
[2025-08-17 22:20:48] QRIS API Data Response for user demotheo (HTTP 200): {"status":true,"data":"00020101021226610016ID.MOTIONPAY.WWW01189360081632476808090208000294030303UMI51440014ID.CO.QRIS.WWW0215ID20243379279490303UMI520458165303360540825000.005802ID5925DIANINGTYAS STELLAR FORGE6008MAGELANG61055648162690618Additonalinfolabel071602N4890c1f03f50360232025081715204838871003663045FE8","trx_id":"02N4890c1f03f503","expired_at":1200}
[2025-08-17 22:20:48] Data transaksi QRIS 'diproses' disimpan ke DB. ID Deposit: 31, TRX ID OtomatisVIP: 02N4890c1f03f503
[2025-08-17 22:20:49] Notifikasi Telegram berhasil dikirim untuk deposit ID: 31
[2025-08-18 08:25:18] Attempting to generate QRIS data string for user: uhuy23, amount: 25000
[2025-08-18 08:25:19] QRIS API Data Response for user uhuy23 (HTTP 200): {"status":true,"data":"00020101021226610016ID.MOTIONPAY.WWW01189360081632495606220208000170950303UMI51440014ID.CO.QRIS.WWW0215ID20243298361400303UMI520459995303360540825000.005802ID5920ROHAYATI LAPAK GAMER6009TANGERANG61051515962690618Additonalinfolabel071602Nae7916e933f886023202508180125196181301496304D825","trx_id":"02Nae7916e933f88","expired_at":1200}
[2025-08-18 08:25:19] Data transaksi QRIS 'diproses' disimpan ke DB. ID Deposit: 39, TRX ID OtomatisVIP: 02Nae7916e933f88
[2025-08-18 08:25:20] Notifikasi Telegram berhasil dikirim untuk deposit ID: 39
[2025-08-18 09:17:59] Attempting to generate QRIS data string for user: Tester11, amount: 25000
[2025-08-18 09:18:00] QRIS API Data Response for user Tester11 (HTTP 200): {"status":true,"data":"00020101021226610016ID.MOTIONPAY.WWW01189360081632419208090208000288030303UMI51440014ID.CO.QRIS.WWW0215ID20243376074180303UMI520458165303360540825000.005802ID5919SEPTIANA NEO GAMING6009PALEMBANG61053026562690618Additonalinfolabel071602Nf6cc011fd949260232025081802180066230633463043CB2","trx_id":"02Nf6cc011fd9492","expired_at":1200}
[2025-08-18 09:18:00] Data transaksi QRIS 'diproses' disimpan ke DB. ID Deposit: 43, TRX ID OtomatisVIP: 02Nf6cc011fd9492
[2025-08-18 09:18:02] Notifikasi Telegram berhasil dikirim untuk deposit ID: 43
[2025-08-18 21:55:48] Attempting to generate QRIS data string for user: uhuy23, amount: 25000
[2025-08-18 21:55:49] QRIS API Data Response for user uhuy23 (HTTP 200): {"status":true,"data":"00020101021226610016ID.MOTIONPAY.WWW01189360081632441507120208000200050303UMI51440014ID.CO.QRIS.WWW0215ID20243333892920303UMI520458165303360540825000.005802ID5915DEWI MEGA GAMER6013JAKARTA TIMUR61051381062690618Additonalinfolabel071602N7645710d66a4660232025081814554901784470863049C79","trx_id":"02N7645710d66a46","expired_at":1200}
[2025-08-18 21:55:49] Data transaksi QRIS 'diproses' disimpan ke DB. ID Deposit: 46, TRX ID OtomatisVIP: 02N7645710d66a46
[2025-08-18 21:55:50] Notifikasi Telegram berhasil dikirim untuk deposit ID: 46
[2025-08-20 13:14:52] Attempting to generate QRIS data string for user: Saupani, amount: 50000
[2025-08-20 13:14:53] QRIS API Data Response for user Saupani (HTTP 200): {"status":true,"data":"00020101021226610016ID.MOTIONPAY.WWW01189360081632431108060208000266450303UMI51440014ID.CO.QRIS.WWW0215ID20243368923000303UMI520458165303360540850000.005802ID5916DONY GAME IDAMAN6013JAKARTA UTARA61051425062690618Additonalinfolabel071602N2d27a75ff33c26023202508200614533781855856304F168","trx_id":"02N2d27a75ff33c2","expired_at":1200}
[2025-08-20 13:14:53] Data transaksi QRIS 'diproses' disimpan ke DB. ID Deposit: 49, TRX ID OtomatisVIP: 02N2d27a75ff33c2
[2025-08-20 13:14:54] Notifikasi Telegram berhasil dikirim untuk deposit ID: 49
[2025-08-22 11:48:58] Attempting to generate QRIS data string for user: kuntul, amount: 25000
[2025-08-22 11:48:59] QRIS API Data Response for user kuntul (HTTP 200): {"status":true,"data":"00020101021226610016ID.MOTIONPAY.WWW01189360081632423205310208000147990303UMI51440014ID.CO.QRIS.WWW0215ID20243263231750303UMI520459995303360540825000.005802ID5913IRJA LEVEL UP6009Tangerang61051551062690618Additonalinfolabel071602N09460c15f74bb60232025082204485923137786863043A9E","trx_id":"02N09460c15f74bb","expired_at":1200}
[2025-08-22 11:48:59] Exception generating QRIS image for kuntul, TRX ID: 02N09460c15f74bb: ext-gd not loaded. Data String (awal): 00020101021226610016ID.MOTIONPAY.WWW01189360081632423205310208000147990303UMI51440014ID.CO.QRIS.WWW0...
[2025-08-28 09:04:24] Attempting to generate QRIS data string for user: nyobaa, amount: 250000000
[2025-08-28 09:04:24] QRIS API Data Response for user nyobaa (HTTP 200): {"status":false,"error":"Mohon maaf, terjadi kesalahan pada vendor, silahkan coba beberapa saat lagi"}
[2025-08-28 09:04:24] QRIS API Error for nyobaa: Mohon maaf, terjadi kesalahan pada vendor, silahkan coba beberapa saat lagi. Raw: {"status":false,"error":"Mohon maaf, terjadi kesalahan pada vendor, silahkan coba beberapa saat lagi"}
[2025-08-28 09:04:28] Attempting to generate QRIS data string for user: nyobaa, amount: 250000000
[2025-08-28 09:04:28] QRIS API Data Response for user nyobaa (HTTP 200): {"status":false,"error":"Mohon maaf, terjadi kesalahan pada vendor, silahkan coba beberapa saat lagi"}
[2025-08-28 09:04:28] QRIS API Error for nyobaa: Mohon maaf, terjadi kesalahan pada vendor, silahkan coba beberapa saat lagi. Raw: {"status":false,"error":"Mohon maaf, terjadi kesalahan pada vendor, silahkan coba beberapa saat lagi"}
[2025-08-28 09:04:32] Attempting to generate QRIS data string for user: nyobaa, amount: 25000000
[2025-08-28 09:04:32] QRIS API Data Response for user nyobaa (HTTP 200): {"status":false,"error":"Mohon maaf, terjadi kesalahan pada vendor, silahkan coba beberapa saat lagi"}
[2025-08-28 09:04:32] QRIS API Error for nyobaa: Mohon maaf, terjadi kesalahan pada vendor, silahkan coba beberapa saat lagi. Raw: {"status":false,"error":"Mohon maaf, terjadi kesalahan pada vendor, silahkan coba beberapa saat lagi"}
[2025-08-28 09:07:17] Attempting to generate QRIS data string for user: developer, amount: 25000
[2025-08-28 09:07:18] QRIS API Data Response for user developer (HTTP 200): {"status":true,"data":"00020101021226610016ID.MOTIONPAY.WWW01189360081632414107310208000257670303UMI51440014ID.CO.QRIS.WWW0215ID20243362177300303UMI520458165303360540825000.005802ID5918VHIR VICTORY VISTA6005MEDAN61052013262690618Additonalinfolabel071602N81c214df416cd602320250828020718072536081630481F2","trx_id":"02N81c214df416cd","fee":0,"expired_at":1200}
[2025-08-28 09:07:18] Data transaksi QRIS 'diproses' disimpan ke DB. ID Deposit: 54, TRX ID OtomatisVIP: 02N81c214df416cd
[2025-08-28 09:07:19] Notifikasi Telegram berhasil dikirim untuk deposit ID: 54
[2025-08-28 09:09:38] Attempting to generate QRIS data string for user: nyobaa, amount: 25000
[2025-08-28 09:09:39] QRIS API Data Response for user nyobaa (HTTP 200): {"status":true,"data":"00020101021226610016ID.MOTIONPAY.WWW01189360081632430107250208000236330303UMI51440014ID.CO.QRIS.WWW0215ID20243352220380303UMI520458165303360540825000.005802ID5916IMAS PLAY PALACE6011TASIKMALAYA61054615862690618Additonalinfolabel071602Ncd5fb65bc785d60232025082802093899855708163043DBE","trx_id":"02Ncd5fb65bc785d","fee":0,"expired_at":1200}
[2025-08-28 09:09:39] Data transaksi QRIS 'diproses' disimpan ke DB. ID Deposit: 55, TRX ID OtomatisVIP: 02Ncd5fb65bc785d
[2025-08-28 09:09:40] Notifikasi Telegram berhasil dikirim untuk deposit ID: 55
[2025-09-01 00:28:55] Attempting to generate QRIS data string for user: developer, amount: 1000
[2025-09-01 00:28:55] QRIS API Data Response for user developer (HTTP 200): {"status":true,"data":"00020101021226610016ID.MOTIONPAY.WWW01189360081632448608080208000276270303UMI51440014ID.CO.QRIS.WWW0215ID20243373633500303UMI52045816530336054071000.005802ID5917DANI NEXGEN GAMES6007BANDUNG61054017562690618Additonalinfolabel071602N17279c5034d87602320250831172855820856313630447AA","trx_id":"02N17279c5034d87","fee":0,"expired_at":1200}
[2025-09-01 00:28:55] Data transaksi QRIS 'diproses' disimpan ke DB. ID Deposit: 56, TRX ID OtomatisVIP: 02N17279c5034d87
[2025-09-01 00:28:57] Notifikasi Telegram berhasil dikirim untuk deposit ID: 56
[2025-09-01 01:03:29] Attempting to generate QRIS data string for user: developer, amount: 1000
[2025-09-01 01:03:29] QRIS API Data Response for user developer (HTTP 200): {"status":true,"data":"00020101021226610016ID.MOTIONPAY.WWW01189360081632433708060208000263710303UMI51440014ID.CO.QRIS.WWW0215ID20243368909320303UMI52045816530336054071000.005802ID5917ARDHY GAME CASTLE6015MANDAILING NATA61052298862690618Additonalinfolabel071602N3ebc4932ad1ad602320250831180329827128485630400CA","trx_id":"02N3ebc4932ad1ad","fee":0,"expired_at":1200}
[2025-09-01 01:03:29] Data transaksi QRIS 'diproses' disimpan ke DB. ID Deposit: 57, TRX ID OtomatisVIP: 02N3ebc4932ad1ad
[2025-09-01 01:03:31] Notifikasi Telegram berhasil dikirim untuk deposit ID: 57
[2025-09-02 18:24:03] Attempting to generate QRIS data string for user: developer, amount: 2000
[2025-09-02 18:24:04] QRIS API Data Response for user developer (HTTP 200): {"status":true,"data":"00020101021226610016ID.MOTIONPAY.WWW01189360081632412107250208000240130303UMI51440014ID.CO.QRIS.WWW0215ID20243352239370303UMI52045816530336054072000.005802ID5915A.REL PLAY PARK6011TASIKMALAYA61054615362690618Additonalinfolabel071602Ncf338271b307f6023202509021124047747649106304C3B7","trx_id":"02Ncf338271b307f","fee":0,"expired_at":1200}
[2025-09-02 18:24:04] Data transaksi QRIS 'diproses' disimpan ke DB. ID Deposit: 59, TRX ID OtomatisVIP: 02Ncf338271b307f
[2025-09-02 18:24:06] Notifikasi Telegram berhasil dikirim untuk deposit ID: 59
[2025-09-04 03:12:55] Attempting to generate QRIS data string for user: kantester, amount: 25000
[2025-09-04 03:12:55] QRIS API Data Response for user kantester (HTTP 200): {"status":true,"data":"00020101021226610016ID.MOTIONPAY.WWW01189360081632470407300208000246090303UMI51440014ID.CO.QRIS.WWW0215ID20243359084380303UMI520458165303360540825000.005802ID5918SUKINDAR RASA GAME6009SAMARINDA61057512362690618Additonalinfolabel071602Na926d0c317d946023202509032012557059569726304597E","trx_id":"02Na926d0c317d94","fee":0,"expired_at":1200}
[2025-09-04 03:12:55] Data transaksi QRIS 'diproses' disimpan ke DB. ID Deposit: 62, TRX ID OtomatisVIP: 02Na926d0c317d94
[2025-09-04 03:12:57] Notifikasi Telegram berhasil dikirim untuk deposit ID: 62
[2025-09-04 14:32:42] Attempting to generate QRIS data string for user: developer, amount: 2000
[2025-09-04 14:32:43] QRIS API Data Response for user developer (HTTP 200): {"status":true,"data":"00020101021226610016ID.MOTIONPAY.WWW01189360081632430608010208000252270303UMI51440014ID.CO.QRIS.WWW0215ID20243362390490303UMI52045816530336054072000.005802ID5917LIA TIMBER TAVERN6012BONE BOLANGO61059657362690618Additonalinfolabel071602Ndb361e864902e602320250904073243831740152630479B6","trx_id":"02Ndb361e864902e","fee":0,"expired_at":1200}
[2025-09-04 14:32:44] Data transaksi QRIS 'diproses' disimpan ke DB. ID Deposit: 63, TRX ID OtomatisVIP: 02Ndb361e864902e
[2025-09-04 14:32:45] Notifikasi Telegram berhasil dikirim untuk deposit ID: 63
[2025-09-04 17:32:28] Attempting to generate QRIS data string for user: developer, amount: 2000
[2025-09-04 17:32:29] QRIS API Data Response for user developer (HTTP 200): {"status":true,"data":"00020101021226610016ID.MOTIONPAY.WWW01189360081632435005310208000144330303UMI51440014ID.CO.QRIS.WWW0215ID20243263343470303UMI52045999530336054072000.005802ID5917HARUN QUEST NEXUS6009Tangerang61051551062690618Additonalinfolabel071602N7459683fab3ec6023202509041032293749456486304A0A1","trx_id":"02N7459683fab3ec","fee":0,"expired_at":1200}
[2025-09-04 17:32:29] Data transaksi QRIS 'diproses' disimpan ke DB. ID Deposit: 64, TRX ID OtomatisVIP: 02N7459683fab3ec
[2025-09-04 17:32:30] Notifikasi Telegram berhasil dikirim untuk deposit ID: 64
[2025-09-05 05:24:14] Attempting to generate QRIS data string for user: demo123, amount: 50000
[2025-09-05 05:24:15] QRIS API Data Response for user demo123 (HTTP 200): {"status":true,"data":"00020101021226610016ID.MOTIONPAY.WWW01189360081632485108080208000285970303UMI51440014ID.CO.QRIS.WWW0215ID20243376063860303UMI520458165303360540850000.005802ID5919GALIH NEXUS KINGDOM6013LAMPUNG TIMUR61053438162690618Additonalinfolabel071602N26857c1c862bf60232025090422241540439256163042AAC","trx_id":"02N26857c1c862bf","fee":0,"expired_at":1200}
[2025-09-05 05:24:15] Data transaksi QRIS 'diproses' disimpan ke DB. ID Deposit: 65, TRX ID OtomatisVIP: 02N26857c1c862bf
[2025-09-05 05:24:16] Notifikasi Telegram berhasil dikirim untuk deposit ID: 65
[2025-09-06 01:58:11] Attempting to generate QRIS data string for user: test02, amount: 25000
[2025-09-06 01:58:12] QRIS API Data Response for user test02 (HTTP 200): {"status":true,"data":"00020101021226610016ID.MOTIONPAY.WWW01189360081632557903030208000382000303UMI51440014ID.CO.QRIS.WWW0215ID20253833020850303UMI520458165303360540825000.005802ID5915LIM PASAR KECIL6013JAKARTA BARAT61051126062690618Additonalinfolabel071602N63947dcbd292c6023202509051858122354692146304B090","trx_id":"02N63947dcbd292c","fee":0,"expired_at":1200}
[2025-09-06 01:58:12] Data transaksi QRIS 'diproses' disimpan ke DB. ID Deposit: 66, TRX ID OtomatisVIP: 02N63947dcbd292c
[2025-09-06 01:58:13] Notifikasi Telegram berhasil dikirim untuk deposit ID: 66
[2025-09-06 10:58:00] Attempting to generate QRIS data string for user: Kiw12345, amount: 25000
[2025-09-06 10:58:01] QRIS API Data Response for user Kiw12345 (HTTP 200): {"status":true,"data":"00020101021226610016ID.MOTIONPAY.WWW01189360081632413707120208000193170303UMI51440014ID.CO.QRIS.WWW0215ID20243329385520303UMI520458165303360540825000.005802ID5916DIKI GAME CORNER6010PRABUMULIH61053112562690618Additonalinfolabel071602N7d5219c2ea0186023202509060358011493083986304542D","trx_id":"02N7d5219c2ea018","fee":0,"expired_at":1200}
[2025-09-06 10:58:01] Exception generating QRIS image for Kiw12345, TRX ID: 02N7d5219c2ea018: ext-gd not loaded. Data String (awal): 00020101021226610016ID.MOTIONPAY.WWW01189360081632413707120208000193170303UMI51440014ID.CO.QRIS.WWW0...
[2025-09-06 10:58:08] Attempting to generate QRIS data string for user: Kiw12345, amount: 25000
[2025-09-06 10:58:09] QRIS API Data Response for user Kiw12345 (HTTP 200): {"status":true,"data":"00020101021226610016ID.MOTIONPAY.WWW01189360081632564203030208000380140303UMI51440014ID.CO.QRIS.WWW0215ID20253833011520303UMI520458165303360540825000.005802ID5915AMOS PUSAT RASA6004POSO61059466362690618Additonalinfolabel071602Nb0a952e30ff4060232025090603580926982817163047C55","trx_id":"02Nb0a952e30ff40","fee":0,"expired_at":1200}
[2025-09-06 10:58:09] Exception generating QRIS image for Kiw12345, TRX ID: 02Nb0a952e30ff40: ext-gd not loaded. Data String (awal): 00020101021226610016ID.MOTIONPAY.WWW01189360081632564203030208000380140303UMI51440014ID.CO.QRIS.WWW0...
[2025-09-06 10:58:17] Attempting to generate QRIS data string for user: Kiw12345, amount: 50000
[2025-09-06 10:58:18] QRIS API Data Response for user Kiw12345 (HTTP 200): {"status":true,"data":"00020101021226610016ID.MOTIONPAY.WWW01189360081634134208080208000290290303UMI51440014ID.CO.QRIS.WWW0215ID20243376085490303UMI520458165303360540850000.005802ID5921ISLAMI PIXEL EMPORIUM6005BATAM61052943962690618Additonalinfolabel071602N9d2f2351e014560232025090603581813342828363045AF4","trx_id":"02N9d2f2351e0145","fee":0,"expired_at":1200}
[2025-09-06 10:58:18] Exception generating QRIS image for Kiw12345, TRX ID: 02N9d2f2351e0145: ext-gd not loaded. Data String (awal): 00020101021226610016ID.MOTIONPAY.WWW01189360081634134208080208000290290303UMI51440014ID.CO.QRIS.WWW0...
[2025-09-06 11:05:12] Attempting to generate QRIS data string for user: sfasf242, amount: 25000
[2025-09-06 11:05:12] QRIS API Data Response for user sfasf242 (HTTP 200): {"status":true,"data":"00020101021226610016ID.MOTIONPAY.WWW01189360081632412007190208000218010303UMI51440014ID.CO.QRIS.WWW0215ID20243344858590303UMI520458165303360540825000.005802ID5918ANDRY PLAY CENTRAL6008SURABAYA61056026262690618Additonalinfolabel071602N7123449b195a46023202509060405127196463546304331C","trx_id":"02N7123449b195a4","fee":0,"expired_at":1200}
[2025-09-06 11:05:15] Exception generating QRIS image for sfasf242, TRX ID: 02N7123449b195a4: ext-gd not loaded. Data String (awal): 00020101021226610016ID.MOTIONPAY.WWW01189360081632412007190208000218010303UMI51440014ID.CO.QRIS.WWW0...
[2025-09-06 11:14:30] Error: id_sigma tidak ditemukan untuk user ID 52.
[2025-09-06 11:14:33] Error: id_sigma tidak ditemukan untuk user ID 52.
[2025-09-06 11:14:39] Error: id_sigma tidak ditemukan untuk user ID 52.
[2025-09-06 18:51:38] Attempting to generate QRIS data string for user: Developer, amount: 2000
[2025-09-06 18:51:39] QRIS API Data Response for user Developer (HTTP 200): {"status":true,"data":"00020101021226610016ID.MOTIONPAY.WWW01189360081632535203030208000378640303UMI51440014ID.CO.QRIS.WWW0215ID20253834354220303UMI52045816530336054072000.005802ID5916YADI COSMIC PATH6013JAKARTA UTARA61051441062690618Additonalinfolabel071602N8f6e09532fd5e60232025090611513952110223163042B34","trx_id":"02N8f6e09532fd5e","fee":0,"expired_at":1200}
[2025-09-06 18:51:39] Data transaksi QRIS 'diproses' disimpan ke DB. ID Deposit: 1, TRX ID OtomatisVIP: 02N8f6e09532fd5e
[2025-09-06 18:51:42] Notifikasi Telegram berhasil dikirim untuk deposit ID: 1
[2025-09-06 19:12:45] Attempting to generate QRIS data string for user: Developer, amount: 2000
[2025-09-06 19:12:46] QRIS API Data Response for user Developer (HTTP 200): {"status":true,"data":"00020101021226610016ID.MOTIONPAY.WWW01189360081632432507260208000235650303UMI51440014ID.CO.QRIS.WWW0215ID20243352216910303UMI52045816530336054072000.005802ID5920POPON ADVENTURE ZONE6011TASIKMALAYA61054618462690618Additonalinfolabel071602N198b31eaa908c6023202509061212463861208296304F12D","trx_id":"02N198b31eaa908c","fee":0,"expired_at":1200}
[2025-09-06 19:12:46] Data transaksi QRIS 'diproses' disimpan ke DB. ID Deposit: 2, TRX ID OtomatisVIP: 02N198b31eaa908c
[2025-09-06 19:12:47] Notifikasi Telegram berhasil dikirim untuk deposit ID: 2
[2025-09-06 19:15:58] Attempting to generate QRIS data string for user: mjosmjo67, amount: 25000
[2025-09-06 19:15:58] QRIS API Data Response for user mjosmjo67 (HTTP 200): {"status":true,"data":"00020101021226610016ID.MOTIONPAY.WWW01189360081632418107310208000256970303UMI51440014ID.CO.QRIS.WWW0215ID20243362173830303UMI520458165303360540825000.005802ID5914ARIF ELVEN ARC6009OGAN ILIR61053086962690618Additonalinfolabel071602N79432c196f1636023202509061215588349846466304788E","trx_id":"02N79432c196f163","fee":0,"expired_at":1200}
[2025-09-06 19:16:15] Data transaksi QRIS 'diproses' disimpan ke DB. ID Deposit: 3, TRX ID OtomatisVIP: 02N79432c196f163
[2025-09-06 19:16:17] Notifikasi Telegram berhasil dikirim untuk deposit ID: 3
[2025-09-07 13:32:50] Attempting to generate QRIS data string for user: Jpjp88, amount: 25000
[2025-09-07 13:32:51] QRIS API Data Response for user Jpjp88 (HTTP 200): {"status":true,"data":"00020101021226610016ID.MOTIONPAY.WWW01189360081632417408090208000288390303UMI51440014ID.CO.QRIS.WWW0215ID20243376075900303UMI520458165303360540825000.005802ID5922NOPPENDRI TITAN GAMING6010PRABUMULIH61053111362690618Additonalinfolabel071602Nd391eb50ee27460232025090706325125884116763042C6D","trx_id":"02Nd391eb50ee274","fee":0,"expired_at":1200}
[2025-09-07 13:32:51] Data transaksi QRIS 'diproses' disimpan ke DB. ID Deposit: 4, TRX ID OtomatisVIP: 02Nd391eb50ee274
[2025-09-07 13:32:52] Notifikasi Telegram berhasil dikirim untuk deposit ID: 4
[2025-09-07 14:02:34] Attempting to generate QRIS data string for user: waktu23, amount: 25000
[2025-09-07 14:02:35] QRIS API Data Response for user waktu23 (HTTP 200): {"status":true,"data":"00020101021226610016ID.MOTIONPAY.WWW01189360081632411706220208000177750303UMI51440014ID.CO.QRIS.WWW0215ID20243298530040303UMI520459995303360540825000.005802ID5917MARIA COSMIC PLAY6009Tangerang61051551062690618Additonalinfolabel071602Nd17c986e45ddb60232025090707023494795127863044C8A","trx_id":"02Nd17c986e45ddb","fee":0,"expired_at":1200}
[2025-09-07 14:02:35] Data transaksi QRIS 'diproses' disimpan ke DB. ID Deposit: 5, TRX ID OtomatisVIP: 02Nd17c986e45ddb
[2025-09-07 14:02:35] Notifikasi Telegram berhasil dikirim untuk deposit ID: 5
[2025-09-07 14:19:28] Attempting to generate QRIS data string for user: Jpjp88, amount: 25000
[2025-09-07 14:19:29] QRIS API Data Response for user Jpjp88 (HTTP 200): {"status":true,"data":"00020101021226610016ID.MOTIONPAY.WWW01189360081632562406100208000395840303UMI51440014ID.CO.QRIS.WWW0215ID20254128148520303UMI520448145303360540825000.005802ID5914DUI CAKRA INTI6006LEBONG61053926562690618Additonalinfolabel071602N1781dcadd95de6023202509070719294093235316304AD6F","trx_id":"02N1781dcadd95de","fee":0,"expired_at":1200}
[2025-09-07 14:19:29] Data transaksi QRIS 'diproses' disimpan ke DB. ID Deposit: 6, TRX ID OtomatisVIP: 02N1781dcadd95de
[2025-09-07 14:19:30] Notifikasi Telegram berhasil dikirim untuk deposit ID: 6
[2025-09-07 14:23:29] Attempting to generate QRIS data string for user: Jpjp88, amount: 50000
[2025-09-07 14:23:30] QRIS API Data Response for user Jpjp88 (HTTP 200): {"status":true,"data":"00020101021226610016ID.MOTIONPAY.WWW01189360081632453908080208000275770303UMI51440014ID.CO.QRIS.WWW0215ID20243373631030303UMI520458165303360540850000.005802ID5919SUHARLAN GAME PULSE6013BANDUNG BARAT61054039162690618Additonalinfolabel071602Neeee3fb58a31d60232025090707233046239893663040F24","trx_id":"02Neeee3fb58a31d","fee":0,"expired_at":1200}
[2025-09-07 14:23:30] Data transaksi QRIS 'diproses' disimpan ke DB. ID Deposit: 7, TRX ID OtomatisVIP: 02Neeee3fb58a31d
[2025-09-07 14:23:31] Notifikasi Telegram berhasil dikirim untuk deposit ID: 7
[2025-09-09 12:00:04] Attempting to generate QRIS data string for user: cekstatus, amount: 25000
[2025-09-09 12:00:06] QRIS API Data Response for user cekstatus (HTTP 200): {"status":true,"data":"00020101021226610016ID.MOTIONPAY.WWW01189360081632411407230208000219510303UMI51440014ID.CO.QRIS.WWW0215ID20243347440400303UMI520458165303360540825000.005802ID5916DIAH VORTEX GAME6013JAKARTA TIMUR61051347062690618Additonalinfolabel071602N7ce42fbdc057760232025090905000607281836563048A19","trx_id":"02N7ce42fbdc0577","fee":0,"expired_at":1200}
[2025-09-09 12:00:06] Data transaksi QRIS 'diproses' disimpan ke DB. ID Deposit: 9, TRX ID OtomatisVIP: 02N7ce42fbdc0577
[2025-09-09 12:00:07] Notifikasi Telegram berhasil dikirim untuk deposit ID: 9
[2025-10-01 15:18:57] Error: id_sigma tidak ditemukan untuk user ID 58.
[2025-10-01 15:19:12] Error: id_sigma tidak ditemukan untuk user ID 58.
[2025-10-01 15:19:42] Error: id_sigma tidak ditemukan untuk user ID 58.
[2025-10-01 15:23:53] Error: id_sigma tidak ditemukan untuk user ID 58.
[2025-10-01 15:24:01] Error: id_sigma tidak ditemukan untuk user ID 58.
[2025-10-01 15:24:14] Error: id_sigma tidak ditemukan untuk user ID 58.
[2025-10-01 15:27:07] Error: id_sigma tidak ditemukan untuk user ID 59.
[2025-10-01 15:27:11] Error: id_sigma tidak ditemukan untuk user ID 59.
[2025-10-01 15:29:25] Error: id_sigma tidak ditemukan untuk user ID 59.
[2025-10-01 15:34:44] Error: Metode request bukan POST. User: testqris
[2025-10-01 15:39:30] Error: id_sigma tidak ditemukan untuk user ID 59.
[2025-10-01 15:39:59] Attempting to generate QRIS data string for user: testqris, amount: 25000
[2025-10-01 15:39:59] QRIS API Data Response for user testqris (HTTP 200): {"status":true,"data":"00020101021226610016ID.MOTIONPAY.WWW01189360081632412408080208000284350303UMI51440014ID.CO.QRIS.WWW0215ID20243373673930303UMI520458165303360540825000.005802ID5916RICKY ALPHA GAME6009TANGERANG61051556062690618Additonalinfolabel071602N777c8d3580dff60232025100108395976058186763045848","trx_id":"02N777c8d3580dff","fee":0,"expired_at":1200}
[2025-10-01 15:39:59] Exception generating QRIS image for testqris, TRX ID: 02N777c8d3580dff: ext-gd not loaded. Data String (awal): 00020101021226610016ID.MOTIONPAY.WWW01189360081632412408080208000284350303UMI51440014ID.CO.QRIS.WWW0...
[2025-10-01 15:41:30] Attempting to generate QRIS data string for user: testqris, amount: 25000
[2025-10-01 15:41:30] QRIS API Data Response for user testqris (HTTP 200): {"status":true,"data":"00020101021226610016ID.MOTIONPAY.WWW01189360081632428208060208000266210303UMI51440014ID.CO.QRIS.WWW0215ID20243368921850303UMI520458165303360540825000.005802ID5917ISNA GAME KINGDOM6006KEDIRI61056413262690618Additonalinfolabel071602N8560423a8fd5e6023202510010841307508166166304A14D","trx_id":"02N8560423a8fd5e","fee":0,"expired_at":1200}
[2025-10-01 15:41:30] Exception generating QRIS image for testqris, TRX ID: 02N8560423a8fd5e: ext-gd not loaded. Data String (awal): 00020101021226610016ID.MOTIONPAY.WWW01189360081632428208060208000266210303UMI51440014ID.CO.QRIS.WWW0...
[2025-10-01 16:11:59] Error: id_sigma tidak ditemukan untuk user ID 60.
[2025-10-01 16:12:59] Error: id_sigma tidak ditemukan untuk user ID 60.
[2025-10-01 16:13:05] Error: id_sigma tidak ditemukan untuk user ID 60.
[2025-11-03 08:48:35] Error: id_sigma tidak ditemukan untuk user ID 64.
[2025-11-03 08:48:44] Error: id_sigma tidak ditemukan untuk user ID 64.
[2025-11-03 09:25:33] Attempting to generate QRIS data string for user: cobaexa, amount: 1000
[2025-11-03 09:25:33] QRIS API Data Response for user cobaexa (HTTP 200): {"status":true,"data":"00020101021226610016ID.MOTIONPAY.WWW01189360081632461107230208000227370303UMI51440014ID.CO.QRIS.WWW0215ID20243348172420303UMI52045816530336054071000.005802ID5915DESY GAME ARENA6015TAPANULI TENGAH61052265462690618Additonalinfolabel071602Ndd13a9d5c60576023202511030225338219215366304A6A8","trx_id":"02Ndd13a9d5c6057","fee":0,"expired_at":1200}
[2025-11-03 09:25:33] Data transaksi QRIS 'diproses' disimpan ke DB. ID Deposit: 12, TRX ID OtomatisVIP: 02Ndd13a9d5c6057
[2025-11-03 09:25:35] Notifikasi Telegram berhasil dikirim untuk deposit ID: 12
[2025-11-08 08:03:06] Error: Sesi tidak valid. IP: 108.137.123.237
[2025-11-10 11:53:43] Error: Sesi tidak valid. IP: 108.136.234.221
